#
# A fatal error has been detected by the Java Runtime Environment:
#
#  SIGSEGV (0xb) at pc=0x00007fff5ef14232, pid=3484, tid=6403
#
# JRE version: Java(TM) SE Runtime Environment (8.0_45-b14) (build 1.8.0_45-b14)
# Java VM: Java HotSpot(TM) 64-Bit Server VM (25.45-b02 mixed mode bsd-amd64 compressed oops)
# Problematic frame:
# C  [libsystem_c.dylib+0x1232]  strlen+0x12
#
# Failed to write core dump. Core dumps have been disabled. To enable core dumping, try "ulimit -c unlimited" before starting Java again
#
# If you would like to submit a bug report, please visit:
#   http://bugreport.java.com/bugreport/crash.jsp
# The crash happened outside the Java Virtual Machine in native code.
# See problematic frame for where to report the bug.
#

---------------  T H R E A D  ---------------

Current thread (0x00007f80bf800800):  JavaThread "main" [_thread_in_native, id=6403, stack(0x0000700005dae000,0x0000700005eae000)]

siginfo: si_signo: 11 (SIGSEGV), si_code: 1 (SEGV_MAPERR), si_addr: 0x0000000000000000

Registers:
RAX=0x0000000000000000, RBX=0x0000000105b45648, RCX=0x0000000000000000, RDX=0x0000000000000000
RSP=0x0000700005ead3b0, RBP=0x0000700005ead3b0, RSI=0x0000000000000000, RDI=0x0000000000000000
R8 =0x0000000000000000, R9 =0x0000000000000100, R10=0x000000010acd4570, R11=0x00007fff5ef14220
R12=0x0000000000000000, R13=0x0000000105b45648, R14=0x000000010a233e2e, R15=0x0000700005ead400
RIP=0x00007fff5ef14232, EFLAGS=0x0000000000010246, ERR=0x0000000000000004
  TRAPNO=0x000000000000000e

Top of Stack: (sp=0x0000700005ead3b0)
0x0000700005ead3b0:   0000700005ead3f0 000000010acd675f
0x0000700005ead3c0:   0000000000000000 0000000105b45648
0x0000700005ead3d0:   0000000000000000 0000000105b45648
0x0000700005ead3e0:   0000700005ead8d0 00007f80bf800800
0x0000700005ead3f0:   0000700005ead410 0000000109d537e9
0x0000700005ead400:   0000000000000000 0000000105b45648
0x0000700005ead410:   0000700005ead810 0000000101df4376
0x0000700005ead420:   00007f80bf800800 000000010575c600
0x0000700005ead430:   0000700005ead460 00000001032e13a7
0x0000700005ead440:   0000000000000000 0000700005ead490
0x0000700005ead450:   0000700005ead490 0000000105b45648
0x0000700005ead460:   0000700005ead480 00000001032e1723
0x0000700005ead470:   0000700005ead4a0 00000001032e13f0
0x0000700005ead480:   0000700005ead4c0 0000700005ead6c8
0x0000700005ead490:   0000000000000000 0000700005ead6c8
0x0000700005ead4a0:   0000700005ead4c0 00000001032e1795
0x0000700005ead4b0:   0000000005ead6c8 0000000105b45648
0x0000700005ead4c0:   0000700005ead4e0 00000001030dc976
0x0000700005ead4d0:   0000000105b45648 0000700005ead7f8
0x0000700005ead4e0:   0000700005ead7c0 00000001030d903e
0x0000700005ead4f0:   0000700005010120 00000001030e7ba3
0x0000700005ead500:   00007f80bec11970 0000700005ead4f1
0x0000700005ead510:   0000000800000002 00000007c0002300
0x0000700005ead520:   0000700005ead5d0 000000010324bbbb
0x0000700005ead530:   00007f80bf800800 0000700005ead618
0x0000700005ead540:   0000700005ead7d7 00000003032726cd
0x0000700005ead550:   000000010000000b 0000000101df42b0
0x0000700005ead560:   00000001036ab2e0 0000005000000000
0x0000700005ead570:   0000000000000012 0000000000000000
0x0000700005ead580:   0000000000000194 00007f80bf831e00
0x0000700005ead590:   0000000100000006 0000000000000000
0x0000700005ead5a0:   0000700005ead5e0 00007fff5f06f061 

Instructions: (pc=0x00007fff5ef14232)
0x00007fff5ef14212:   0e 01 f3 0f 7f 44 0f 01 5d c3 90 90 90 90 55 48
0x00007fff5ef14222:   89 e5 48 89 f9 48 89 fa 48 83 e7 f0 66 0f ef c0
0x00007fff5ef14232:   66 0f 74 07 66 0f d7 f0 48 83 e1 0f 48 83 c8 ff
0x00007fff5ef14242:   48 d3 e0 21 c6 74 17 0f bc c6 48 29 d7 48 01 f8 

Register to memory mapping:

RAX=0x0000000000000000 is an unknown value
RBX={method} {0x0000000105b45648} 'load' '(Ljava/lang/String;)V' in 'HelloJNI'
RCX=0x0000000000000000 is an unknown value
RDX=0x0000000000000000 is an unknown value
RSP=0x0000700005ead3b0 is pointing into the stack for thread: 0x00007f80bf800800
RBP=0x0000700005ead3b0 is pointing into the stack for thread: 0x00007f80bf800800
RSI=0x0000000000000000 is an unknown value
RDI=0x0000000000000000 is an unknown value
R8 =0x0000000000000000 is an unknown value
R9 =0x0000000000000100 is an unknown value
R10=0x000000010acd4570: <offset 0x570> in /usr/local/lib/libv8_libbase.dylib at 0x000000010acd4000
R11=0x00007fff5ef14220: strlen+0 in /usr/lib/system/libsystem_c.dylib at 0x00007fff5ef13000
R12=0x0000000000000000 is an unknown value
R13={method} {0x0000000105b45648} 'load' '(Ljava/lang/String;)V' in 'HelloJNI'
R14=0x000000010a233e2e: _ZZN2v88internal20DoubleToRadixCStringEdiE5chars+0x208de in /usr/local/lib/libv8.dylib at 0x0000000109855000
R15=0x0000700005ead400 is pointing into the stack for thread: 0x00007f80bf800800


Stack: [0x0000700005dae000,0x0000700005eae000],  sp=0x0000700005ead3b0,  free space=1020k
Native frames: (J=compiled Java code, j=interpreted, Vv=VM code, C=native code)
C  [libsystem_c.dylib+0x1232]  strlen+0x12
C  [libv8_libbase.dylib+0x275f]  _ZN2v84base12RelativePathEPPcPKcS4_+0x1f
C  [libv8.dylib+0x4fe7e9]  _ZN2v88internal28InitializeICUDefaultLocationEPKcS2_+0x29
C  [libHelloJNI.dylib+0x2376]  Init+0x36
C  [libHelloJNI.dylib+0x22e1]  Java_HelloJNI_load+0x31
j  HelloJNI.load(Ljava/lang/String;)V+0
j  HelloJNI.main([Ljava/lang/String;)V+35
v  ~StubRoutines::call_stub
V  [libjvm.dylib+0x2e032a]
V  [libjvm.dylib+0x316a36]
V  [libjvm.dylib+0x30f7b0]
C  [java+0x39ae]  JavaMain+0x9b1
C  [libsystem_pthread.dylib+0x3661]  _pthread_body+0x154
C  [libsystem_pthread.dylib+0x350d]  _pthread_body+0x0
C  [libsystem_pthread.dylib+0x2bf9]  thread_start+0xd
C  0x0000000000000000

Java frames: (J=compiled Java code, j=interpreted, Vv=VM code)
j  HelloJNI.load(Ljava/lang/String;)V+0
j  HelloJNI.main([Ljava/lang/String;)V+35
v  ~StubRoutines::call_stub

---------------  P R O C E S S  ---------------

Java Threads: ( => current thread )
  0x00007f80c102d000 JavaThread "Service Thread" daemon [_thread_blocked, id=14851, stack(0x0000700006ee1000,0x0000700006fe1000)]
  0x00007f80bf81d000 JavaThread "C1 CompilerThread3" daemon [_thread_blocked, id=14339, stack(0x0000700006dde000,0x0000700006ede000)]
  0x00007f80c102a800 JavaThread "C2 CompilerThread2" daemon [_thread_blocked, id=15875, stack(0x0000700006cdb000,0x0000700006ddb000)]
  0x00007f80c0021800 JavaThread "C2 CompilerThread1" daemon [_thread_blocked, id=16387, stack(0x0000700006bd8000,0x0000700006cd8000)]
  0x00007f80c0031000 JavaThread "C2 CompilerThread0" daemon [_thread_blocked, id=16899, stack(0x0000700006ad5000,0x0000700006bd5000)]
  0x00007f80c000d000 JavaThread "Signal Dispatcher" daemon [_thread_blocked, id=17159, stack(0x00007000069d2000,0x0000700006ad2000)]
  0x00007f80c1059800 JavaThread "Finalizer" daemon [_thread_blocked, id=12291, stack(0x00007000068cf000,0x00007000069cf000)]
  0x00007f80c1058800 JavaThread "Reference Handler" daemon [_thread_blocked, id=19459, stack(0x00007000067cc000,0x00007000068cc000)]
=>0x00007f80bf800800 JavaThread "main" [_thread_in_native, id=6403, stack(0x0000700005dae000,0x0000700005eae000)]

Other Threads:
  0x00007f80c1056000 VMThread [stack: 0x00007000066c9000,0x00007000067c9000] [id=19971]
  0x00007f80c102e000 WatcherThread [stack: 0x0000700006fe4000,0x00007000070e4000] [id=15107]

VM state:not at safepoint (normal execution)

VM Mutex/Monitor currently owned by a thread: None

Heap:
 PSYoungGen      total 76288K, used 3932K [0x000000076ab00000, 0x0000000770000000, 0x00000007c0000000)
  eden space 65536K, 6% used [0x000000076ab00000,0x000000076aed7178,0x000000076eb00000)
  from space 10752K, 0% used [0x000000076f580000,0x000000076f580000,0x0000000770000000)
  to   space 10752K, 0% used [0x000000076eb00000,0x000000076eb00000,0x000000076f580000)
 ParOldGen       total 175104K, used 0K [0x00000006c0000000, 0x00000006cab00000, 0x000000076ab00000)
  object space 175104K, 0% used [0x00000006c0000000,0x00000006c0000000,0x00000006cab00000)
 Metaspace       used 2739K, capacity 4486K, committed 4864K, reserved 1056768K
  class space    used 299K, capacity 386K, committed 512K, reserved 1048576K

Card table byte_map: [0x000000010419e000,0x000000010499f000] byte_map_base: 0x0000000100b9e000

Marking Bits: (ParMarkBitMap*) 0x00000001036c27a0
 Begin Bits: [0x000000011afdc000, 0x000000011efdc000)
 End Bits:   [0x000000011efdc000, 0x0000000122fdc000)

Polling page: 0x0000000101dd4000

CodeCache: size=245760Kb used=1121Kb max_used=1121Kb free=244638Kb
 bounds [0x000000010bfdc000, 0x000000010c24c000, 0x000000011afdc000]
 total_blobs=266 nmethods=27 adapters=154
 compilation: enabled

Compilation events (10 events):
Event: 0.079 Thread 0x00007f80bf81d000   23       3       java.lang.String::getChars (62 bytes)
Event: 0.079 Thread 0x00007f80bf81d000 nmethod 23 0x000000010c0f3010 code [0x000000010c0f31c0, 0x000000010c0f35f8]
Event: 0.081 Thread 0x00007f80bf81d000   24       3       java.lang.String::indexOf (7 bytes)
Event: 0.081 Thread 0x00007f80bf81d000 nmethod 24 0x000000010c0f3810 code [0x000000010c0f3980, 0x000000010c0f3b88]
Event: 0.081 Thread 0x00007f80bf81d000   25       3       java.util.HashMap::newNode (13 bytes)
Event: 0.081 Thread 0x00007f80bf81d000 nmethod 25 0x000000010c0f3c10 code [0x000000010c0f3d80, 0x000000010c0f4030]
Event: 0.082 Thread 0x00007f80bf81d000   26       1       java.lang.ThreadLocal::access$400 (5 bytes)
Event: 0.082 Thread 0x00007f80bf81d000 nmethod 26 0x000000010c0f4150 code [0x000000010c0f42a0, 0x000000010c0f4390]
Event: 0.082 Thread 0x00007f80bf81d000   27       3       java.lang.System::getSecurityManager (4 bytes)
Event: 0.082 Thread 0x00007f80bf81d000 nmethod 27 0x000000010c0f4410 code [0x000000010c0f4560, 0x000000010c0f46b0]

GC Heap History (0 events):
No events

Deoptimization events (0 events):
No events

Internal exceptions (5 events):
Event: 0.040 Thread 0x00007f80bf800800 Exception <a 'java/lang/NoSuchMethodError': Method sun.misc.Unsafe.defineClass(Ljava/lang/String;[BII)Ljava/lang/Class; name or signature does not match> (0x000000076ab12af8) thrown at [/Users/java_re/workspace/8-2-build-macosx-x86_64/jdk8u45/3457/hotspot
Event: 0.040 Thread 0x00007f80bf800800 Exception <a 'java/lang/NoSuchMethodError': Method sun.misc.Unsafe.prefetchRead(Ljava/lang/Object;J)V name or signature does not match> (0x000000076ab12d88) thrown at [/Users/java_re/workspace/8-2-build-macosx-x86_64/jdk8u45/3457/hotspot/src/share/vm/prim
Event: 0.068 Thread 0x00007f80bf800800 Exception <a 'java/util/zip/ZipException'> (0x000000076ab5e528) thrown at [/Users/java_re/workspace/8-2-build-macosx-x86_64/jdk8u45/3457/hotspot/src/share/vm/prims/jni.cpp, line 709]
Event: 0.068 Thread 0x00007f80bf800800 Exception <a 'java/security/PrivilegedActionException'> (0x000000076ab5e770) thrown at [/Users/java_re/workspace/8-2-build-macosx-x86_64/jdk8u45/3457/hotspot/src/share/vm/prims/jvm.cpp, line 1382]
Event: 0.068 Thread 0x00007f80bf800800 Exception <a 'java/security/PrivilegedActionException'> (0x000000076ab5e928) thrown at [/Users/java_re/workspace/8-2-build-macosx-x86_64/jdk8u45/3457/hotspot/src/share/vm/prims/jvm.cpp, line 1382]

Events (10 events):
Event: 0.081 loading class java/security/BasicPermissionCollection
Event: 0.081 loading class java/security/BasicPermissionCollection done
Event: 0.081 loading class sun/launcher/LauncherHelper$FXHelper
Event: 0.081 loading class sun/launcher/LauncherHelper$FXHelper done
Event: 0.081 loading class java/lang/Class$MethodArray
Event: 0.081 loading class java/lang/Class$MethodArray done
Event: 0.081 loading class java/lang/Void
Event: 0.081 loading class java/lang/Void done
Event: 0.082 loading class java/lang/ClassLoaderHelper
Event: 0.082 loading class java/lang/ClassLoaderHelper done


Dynamic libraries:
0x000000000f4d6000 	/System/Library/Frameworks/Cocoa.framework/Versions/A/Cocoa
0x000000000f4d6000 	/System/Library/Frameworks/Security.framework/Versions/A/Security
0x000000000f4d6000 	/System/Library/Frameworks/ApplicationServices.framework/Versions/A/ApplicationServices
0x000000000f4d6000 	/usr/lib/libz.1.dylib
0x000000000f4d6000 	/usr/lib/libSystem.B.dylib
0x000000000f4d6000 	/usr/lib/libobjc.A.dylib
0x000000000f4d6000 	/System/Library/Frameworks/CoreFoundation.framework/Versions/A/CoreFoundation
0x000000000f4d6000 	/System/Library/Frameworks/Foundation.framework/Versions/C/Foundation
0x000000000f4d6000 	/System/Library/Frameworks/AppKit.framework/Versions/C/AppKit
0x000000000f4d6000 	/System/Library/Frameworks/CoreData.framework/Versions/A/CoreData
0x000000000f4d6000 	/System/Library/PrivateFrameworks/RemoteViewServices.framework/Versions/A/RemoteViewServices
0x000000000f4d6000 	/System/Library/PrivateFrameworks/UIFoundation.framework/Versions/A/UIFoundation
0x000000000f4d6000 	/System/Library/PrivateFrameworks/DFRFoundation.framework/Versions/A/DFRFoundation
0x000000000f4d6000 	/System/Library/Frameworks/Metal.framework/Versions/A/Metal
0x000000000f4d6000 	/System/Library/PrivateFrameworks/DesktopServicesPriv.framework/Versions/A/DesktopServicesPriv
0x000000000f4d6000 	/usr/lib/libenergytrace.dylib
0x000000000f4d6000 	/System/Library/PrivateFrameworks/SkyLight.framework/Versions/A/SkyLight
0x000000000f4d6000 	/System/Library/Frameworks/CoreGraphics.framework/Versions/A/CoreGraphics
0x000000000f4d6000 	/usr/lib/libScreenReader.dylib
0x000000000f4d6000 	/System/Library/Frameworks/Accelerate.framework/Versions/A/Accelerate
0x000000000f4d6000 	/System/Library/Frameworks/IOSurface.framework/Versions/A/IOSurface
0x000000000f4d6000 	/System/Library/Frameworks/AudioToolbox.framework/Versions/A/AudioToolbox
0x000000000f4d6000 	/System/Library/Frameworks/AudioUnit.framework/Versions/A/AudioUnit
0x000000000f4d6000 	/System/Library/PrivateFrameworks/DataDetectorsCore.framework/Versions/A/DataDetectorsCore
0x000000000f4d6000 	/System/Library/Frameworks/Carbon.framework/Versions/A/Frameworks/HIToolbox.framework/Versions/A/HIToolbox
0x000000000f4d6000 	/usr/lib/libicucore.A.dylib
0x000000000f4d6000 	/System/Library/Frameworks/QuartzCore.framework/Versions/A/QuartzCore
0x000000000f4d6000 	/System/Library/PrivateFrameworks/SignpostNotification.framework/Versions/A/SignpostNotification
0x000000000f4d6000 	/System/Library/Frameworks/Carbon.framework/Versions/A/Frameworks/SpeechRecognition.framework/Versions/A/SpeechRecognition
0x000000000f4d6000 	/usr/lib/libauto.dylib
0x000000000f4d6000 	/usr/lib/libxml2.2.dylib
0x000000000f4d6000 	/System/Library/PrivateFrameworks/CoreUI.framework/Versions/A/CoreUI
0x000000000f4d6000 	/System/Library/Frameworks/CoreAudio.framework/Versions/A/CoreAudio
0x000000000f4d6000 	/System/Library/Frameworks/DiskArbitration.framework/Versions/A/DiskArbitration
0x000000000f4d6000 	/usr/lib/liblangid.dylib
0x000000000f4d6000 	/System/Library/PrivateFrameworks/MultitouchSupport.framework/Versions/A/MultitouchSupport
0x000000000f4d6000 	/System/Library/Frameworks/IOKit.framework/Versions/A/IOKit
0x000000000f4d6000 	/usr/lib/libDiagnosticMessagesClient.dylib
0x000000000f4d6000 	/System/Library/Frameworks/CoreServices.framework/Versions/A/CoreServices
0x000000000f4d6000 	/System/Library/PrivateFrameworks/PerformanceAnalysis.framework/Versions/A/PerformanceAnalysis
0x000000000f4d6000 	/System/Library/Frameworks/OpenGL.framework/Versions/A/OpenGL
0x000000000f4d6000 	/System/Library/Frameworks/ColorSync.framework/Versions/A/ColorSync
0x000000000f4d6000 	/System/Library/Frameworks/CoreImage.framework/Versions/A/CoreImage
0x000000000f4d6000 	/System/Library/Frameworks/CoreText.framework/Versions/A/CoreText
0x000000000f4d6000 	/System/Library/Frameworks/ImageIO.framework/Versions/A/ImageIO
0x000000000f4d6000 	/System/Library/PrivateFrameworks/Backup.framework/Versions/A/Backup
0x000000000f4d6000 	/usr/lib/libarchive.2.dylib
0x000000000f4d6000 	/System/Library/Frameworks/CFNetwork.framework/Versions/A/CFNetwork
0x000000000f4d6000 	/System/Library/Frameworks/SystemConfiguration.framework/Versions/A/SystemConfiguration
0x000000000f4d6000 	/usr/lib/libCRFSuite.dylib
0x000000000f4d6000 	/usr/lib/libc++.1.dylib
0x000000000f4d6000 	/usr/lib/libc++abi.dylib
0x000000000f4d6000 	/usr/lib/system/libcache.dylib
0x000000000f4d6000 	/usr/lib/system/libcommonCrypto.dylib
0x000000000f4d6000 	/usr/lib/system/libcompiler_rt.dylib
0x000000000f4d6000 	/usr/lib/system/libcopyfile.dylib
0x000000000f4d6000 	/usr/lib/system/libcorecrypto.dylib
0x000000000f4d6000 	/usr/lib/system/libdispatch.dylib
0x000000000f4d6000 	/usr/lib/system/libdyld.dylib
0x000000000f4d6000 	/usr/lib/system/libkeymgr.dylib
0x000000000f4d6000 	/usr/lib/system/liblaunch.dylib
0x000000000f4d6000 	/usr/lib/system/libmacho.dylib
0x000000000f4d6000 	/usr/lib/system/libquarantine.dylib
0x000000000f4d6000 	/usr/lib/system/libremovefile.dylib
0x000000000f4d6000 	/usr/lib/system/libsystem_asl.dylib
0x000000000f4d6000 	/usr/lib/system/libsystem_blocks.dylib
0x000000000f4d6000 	/usr/lib/system/libsystem_c.dylib
0x000000000f4d6000 	/usr/lib/system/libsystem_configuration.dylib
0x000000000f4d6000 	/usr/lib/system/libsystem_coreservices.dylib
0x000000000f4d6000 	/usr/lib/system/libsystem_darwin.dylib
0x000000000f4d6000 	/usr/lib/system/libsystem_dnssd.dylib
0x000000000f4d6000 	/usr/lib/system/libsystem_info.dylib
0x000000000f4d6000 	/usr/lib/system/libsystem_m.dylib
0x000000000f4d6000 	/usr/lib/system/libsystem_malloc.dylib
0x000000000f4d6000 	/usr/lib/system/libsystem_network.dylib
0x000000000f4d6000 	/usr/lib/system/libsystem_networkextension.dylib
0x000000000f4d6000 	/usr/lib/system/libsystem_notify.dylib
0x000000000f4d6000 	/usr/lib/system/libsystem_sandbox.dylib
0x000000000f4d6000 	/usr/lib/system/libsystem_secinit.dylib
0x000000000f4d6000 	/usr/lib/system/libsystem_kernel.dylib
0x000000000f4d6000 	/usr/lib/system/libsystem_platform.dylib
0x000000000f4d6000 	/usr/lib/system/libsystem_pthread.dylib
0x000000000f4d6000 	/usr/lib/system/libsystem_symptoms.dylib
0x000000000f4d6000 	/usr/lib/system/libsystem_trace.dylib
0x000000000f4d6000 	/usr/lib/system/libunwind.dylib
0x000000000f4d6000 	/usr/lib/system/libxpc.dylib
0x000000000f4d6000 	/usr/lib/closure/libclosured.dylib
0x000000000f4d6000 	/usr/lib/libbsm.0.dylib
0x000000000f4d6000 	/usr/lib/system/libkxld.dylib
0x000000000f4d6000 	/usr/lib/libOpenScriptingUtil.dylib
0x000000000f4d6000 	/usr/lib/libcoretls.dylib
0x000000000f4d6000 	/usr/lib/libcoretls_cfhelpers.dylib
0x000000000f4d6000 	/usr/lib/libpam.2.dylib
0x000000000f4d6000 	/usr/lib/libsqlite3.dylib
0x000000000f4d6000 	/usr/lib/libxar.1.dylib
0x000000000f4d6000 	/usr/lib/libbz2.1.0.dylib
0x000000000f4d6000 	/usr/lib/liblzma.5.dylib
0x000000000f4d6000 	/usr/lib/libnetwork.dylib
0x000000000f4d6000 	/usr/lib/libapple_nghttp2.dylib
0x000000000f4d6000 	/usr/lib/libpcap.A.dylib
0x000000000f4d6000 	/usr/lib/libboringssl.dylib
0x000000000f4d6000 	/usr/lib/libusrtcp.dylib
0x000000000f4d6000 	/usr/lib/libapple_crypto.dylib
0x000000000f4d6000 	/System/Library/Frameworks/CoreServices.framework/Versions/A/Frameworks/FSEvents.framework/Versions/A/FSEvents
0x000000000f4d6000 	/System/Library/Frameworks/CoreServices.framework/Versions/A/Frameworks/CarbonCore.framework/Versions/A/CarbonCore
0x000000000f4d6000 	/System/Library/Frameworks/CoreServices.framework/Versions/A/Frameworks/Metadata.framework/Versions/A/Metadata
0x000000000f4d6000 	/System/Library/Frameworks/CoreServices.framework/Versions/A/Frameworks/OSServices.framework/Versions/A/OSServices
0x000000000f4d6000 	/System/Library/Frameworks/CoreServices.framework/Versions/A/Frameworks/SearchKit.framework/Versions/A/SearchKit
0x000000000f4d6000 	/System/Library/Frameworks/CoreServices.framework/Versions/A/Frameworks/AE.framework/Versions/A/AE
0x000000000f4d6000 	/System/Library/Frameworks/CoreServices.framework/Versions/A/Frameworks/LaunchServices.framework/Versions/A/LaunchServices
0x000000000f4d6000 	/System/Library/Frameworks/CoreServices.framework/Versions/A/Frameworks/DictionaryServices.framework/Versions/A/DictionaryServices
0x000000000f4d6000 	/System/Library/Frameworks/CoreServices.framework/Versions/A/Frameworks/SharedFileList.framework/Versions/A/SharedFileList
0x000000000f4d6000 	/System/Library/Frameworks/NetFS.framework/Versions/A/NetFS
0x000000000f4d6000 	/System/Library/PrivateFrameworks/NetAuth.framework/Versions/A/NetAuth
0x000000000f4d6000 	/System/Library/PrivateFrameworks/login.framework/Versions/A/Frameworks/loginsupport.framework/Versions/A/loginsupport
0x000000000f4d6000 	/System/Library/PrivateFrameworks/TCC.framework/Versions/A/TCC
0x000000000f4d6000 	/usr/lib/libmecabra.dylib
0x000000000f4d6000 	/System/Library/Frameworks/ApplicationServices.framework/Versions/A/Frameworks/ATS.framework/Versions/A/ATS
0x000000000f4d6000 	/System/Library/Frameworks/ApplicationServices.framework/Versions/A/Frameworks/ColorSyncLegacy.framework/Versions/A/ColorSyncLegacy
0x000000000f4d6000 	/System/Library/Frameworks/ApplicationServices.framework/Versions/A/Frameworks/HIServices.framework/Versions/A/HIServices
0x000000000f4d6000 	/System/Library/Frameworks/ApplicationServices.framework/Versions/A/Frameworks/LangAnalysis.framework/Versions/A/LangAnalysis
0x000000000f4d6000 	/System/Library/Frameworks/ApplicationServices.framework/Versions/A/Frameworks/PrintCore.framework/Versions/A/PrintCore
0x000000000f4d6000 	/System/Library/Frameworks/ApplicationServices.framework/Versions/A/Frameworks/QD.framework/Versions/A/QD
0x000000000f4d6000 	/System/Library/Frameworks/ApplicationServices.framework/Versions/A/Frameworks/SpeechSynthesis.framework/Versions/A/SpeechSynthesis
0x000000000f4d6000 	/System/Library/Frameworks/CoreDisplay.framework/Versions/A/CoreDisplay
0x000000000f4d6000 	/System/Library/Frameworks/Accelerate.framework/Versions/A/Frameworks/vImage.framework/Versions/A/vImage
0x000000000f4d6000 	/System/Library/Frameworks/Accelerate.framework/Versions/A/Frameworks/vecLib.framework/Versions/A/vecLib
0x000000000f4d6000 	/System/Library/Frameworks/Accelerate.framework/Versions/A/Frameworks/vecLib.framework/Versions/A/libvDSP.dylib
0x000000000f4d6000 	/System/Library/Frameworks/Accelerate.framework/Versions/A/Frameworks/vecLib.framework/Versions/A/libBNNS.dylib
0x000000000f4d6000 	/System/Library/Frameworks/Accelerate.framework/Versions/A/Frameworks/vecLib.framework/Versions/A/libQuadrature.dylib
0x000000000f4d6000 	/System/Library/Frameworks/Accelerate.framework/Versions/A/Frameworks/vecLib.framework/Versions/A/libvMisc.dylib
0x000000000f4d6000 	/System/Library/Frameworks/Accelerate.framework/Versions/A/Frameworks/vecLib.framework/Versions/A/libLAPACK.dylib
0x000000000f4d6000 	/System/Library/Frameworks/Accelerate.framework/Versions/A/Frameworks/vecLib.framework/Versions/A/libBLAS.dylib
0x000000000f4d6000 	/System/Library/Frameworks/Accelerate.framework/Versions/A/Frameworks/vecLib.framework/Versions/A/libLinearAlgebra.dylib
0x000000000f4d6000 	/System/Library/Frameworks/Accelerate.framework/Versions/A/Frameworks/vecLib.framework/Versions/A/libSparse.dylib
0x000000000f4d6000 	/System/Library/Frameworks/Accelerate.framework/Versions/A/Frameworks/vecLib.framework/Versions/A/libSparseBLAS.dylib
0x000000000f4d6000 	/System/Library/PrivateFrameworks/GPUWrangler.framework/Versions/A/GPUWrangler
0x000000000f4d6000 	/System/Library/PrivateFrameworks/IOAccelerator.framework/Versions/A/IOAccelerator
0x000000000f4d6000 	/System/Library/PrivateFrameworks/IOPresentment.framework/Versions/A/IOPresentment
0x000000000f4d6000 	/System/Library/PrivateFrameworks/DSExternalDisplay.framework/Versions/A/DSExternalDisplay
0x000000000f4d6000 	/System/Library/Frameworks/OpenGL.framework/Versions/A/Libraries/libCoreFSCache.dylib
0x000000000f4d6000 	/System/Library/Frameworks/CoreVideo.framework/Versions/A/CoreVideo
0x000000000f4d6000 	/System/Library/PrivateFrameworks/GraphVisualizer.framework/Versions/A/GraphVisualizer
0x000000000f4d6000 	/System/Library/Frameworks/MetalPerformanceShaders.framework/Versions/A/MetalPerformanceShaders
0x000000000f4d6000 	/usr/lib/libFosl_dynamic.dylib
0x000000000f4d6000 	/System/Library/PrivateFrameworks/FaceCore.framework/Versions/A/FaceCore
0x000000000f4d6000 	/System/Library/Frameworks/OpenCL.framework/Versions/A/OpenCL
0x000000000f4d6000 	/usr/lib/libcompression.dylib
0x000000000f4d6000 	/System/Library/Frameworks/ApplicationServices.framework/Versions/A/Frameworks/ATS.framework/Versions/A/Resources/libFontParser.dylib
0x000000000f4d6000 	/System/Library/Frameworks/ApplicationServices.framework/Versions/A/Frameworks/ATS.framework/Versions/A/Resources/libFontRegistry.dylib
0x000000000f4d6000 	/System/Library/Frameworks/ImageIO.framework/Versions/A/Resources/libJPEG.dylib
0x000000000f4d6000 	/System/Library/Frameworks/ImageIO.framework/Versions/A/Resources/libTIFF.dylib
0x000000000f4d6000 	/System/Library/Frameworks/ImageIO.framework/Versions/A/Resources/libPng.dylib
0x000000000f4d6000 	/System/Library/Frameworks/ImageIO.framework/Versions/A/Resources/libGIF.dylib
0x000000000f4d6000 	/System/Library/Frameworks/ImageIO.framework/Versions/A/Resources/libJP2.dylib
0x000000000f4d6000 	/System/Library/Frameworks/ImageIO.framework/Versions/A/Resources/libRadiance.dylib
0x000000000f4d6000 	/System/Library/PrivateFrameworks/AppleJPEG.framework/Versions/A/AppleJPEG
0x000000000f4d6000 	/System/Library/Frameworks/MetalPerformanceShaders.framework/Frameworks/MPSCore.framework/Versions/A/MPSCore
0x000000000f4d6000 	/System/Library/Frameworks/MetalPerformanceShaders.framework/Frameworks/MPSImage.framework/Versions/A/MPSImage
0x000000000f4d6000 	/System/Library/Frameworks/MetalPerformanceShaders.framework/Frameworks/MPSNeuralNetwork.framework/Versions/A/MPSNeuralNetwork
0x000000000f4d6000 	/System/Library/Frameworks/MetalPerformanceShaders.framework/Frameworks/MPSMatrix.framework/Versions/A/MPSMatrix
0x000000000f4d6000 	/System/Library/PrivateFrameworks/MetalTools.framework/Versions/A/MetalTools
0x000000000f4d6000 	/System/Library/Frameworks/OpenGL.framework/Versions/A/Libraries/libGLU.dylib
0x000000000f4d6000 	/System/Library/Frameworks/OpenGL.framework/Versions/A/Libraries/libGFXShared.dylib
0x000000000f4d6000 	/System/Library/Frameworks/OpenGL.framework/Versions/A/Libraries/libGL.dylib
0x000000000f4d6000 	/System/Library/Frameworks/OpenGL.framework/Versions/A/Libraries/libGLImage.dylib
0x000000000f4d6000 	/System/Library/Frameworks/OpenGL.framework/Versions/A/Libraries/libCVMSPluginSupport.dylib
0x000000000f4d6000 	/System/Library/Frameworks/OpenGL.framework/Versions/A/Libraries/libCoreVMClient.dylib
0x000000000f4d6000 	/usr/lib/libcups.2.dylib
0x000000000f4d6000 	/System/Library/Frameworks/Kerberos.framework/Versions/A/Kerberos
0x000000000f4d6000 	/System/Library/Frameworks/GSS.framework/Versions/A/GSS
0x000000000f4d6000 	/usr/lib/libresolv.9.dylib
0x000000000f4d6000 	/usr/lib/libiconv.2.dylib
0x000000000f4d6000 	/System/Library/PrivateFrameworks/Heimdal.framework/Versions/A/Heimdal
0x000000000f4d6000 	/usr/lib/libheimdal-asn1.dylib
0x000000000f4d6000 	/System/Library/Frameworks/OpenDirectory.framework/Versions/A/OpenDirectory
0x000000000f4d6000 	/System/Library/PrivateFrameworks/CommonAuth.framework/Versions/A/CommonAuth
0x000000000f4d6000 	/System/Library/Frameworks/OpenDirectory.framework/Versions/A/Frameworks/CFOpenDirectory.framework/Versions/A/CFOpenDirectory
0x000000000f4d6000 	/System/Library/Frameworks/SecurityFoundation.framework/Versions/A/SecurityFoundation
0x000000000f4d6000 	/System/Library/PrivateFrameworks/APFS.framework/Versions/A/APFS
0x000000000f4d6000 	/usr/lib/libutil.dylib
0x000000000f4d6000 	/System/Library/PrivateFrameworks/AppleSauce.framework/Versions/A/AppleSauce
0x000000000f4d6000 	/System/Library/PrivateFrameworks/LinguisticData.framework/Versions/A/LinguisticData
0x000000000f4d6000 	/usr/lib/libmarisa.dylib
0x000000000f4d6000 	/System/Library/PrivateFrameworks/Lexicon.framework/Versions/A/Lexicon
0x000000000f4d6000 	/usr/lib/libChineseTokenizer.dylib
0x000000000f4d6000 	/usr/lib/libcmph.dylib
0x000000000f4d6000 	/System/Library/PrivateFrameworks/LanguageModeling.framework/Versions/A/LanguageModeling
0x000000000f4d6000 	/System/Library/PrivateFrameworks/CoreEmoji.framework/Versions/A/CoreEmoji
0x000000000f4d6000 	/System/Library/Frameworks/ServiceManagement.framework/Versions/A/ServiceManagement
0x000000000f4d6000 	/System/Library/PrivateFrameworks/BackgroundTaskManagement.framework/Versions/A/BackgroundTaskManagement
0x000000000f4d6000 	/usr/lib/libxslt.1.dylib
0x000000000f4d6000 	/System/Library/Frameworks/Carbon.framework/Versions/A/Frameworks/Ink.framework/Versions/A/Ink
0x000000000f4d6000 	/System/Library/PrivateFrameworks/TextureIO.framework/Versions/A/TextureIO
0x000000000f4d6000 	/usr/lib/libate.dylib
0x000000000f4d6000 	/System/Library/PrivateFrameworks/CrashReporterSupport.framework/Versions/A/CrashReporterSupport
0x000000000f4d6000 	/System/Library/PrivateFrameworks/Sharing.framework/Versions/A/Sharing
0x000000000f4d6000 	/System/Library/PrivateFrameworks/IconServices.framework/Versions/A/IconServices
0x000000000f4d6000 	/System/Library/PrivateFrameworks/AuthKit.framework/Versions/A/AuthKit
0x000000000f4d6000 	/System/Library/PrivateFrameworks/Apple80211.framework/Versions/A/Apple80211
0x000000000f4d6000 	/System/Library/PrivateFrameworks/CoreUtils.framework/Versions/A/CoreUtils
0x000000000f4d6000 	/System/Library/Frameworks/CoreWLAN.framework/Versions/A/CoreWLAN
0x000000000f4d6000 	/System/Library/Frameworks/IOBluetooth.framework/Versions/A/IOBluetooth
0x000000000f4d6000 	/System/Library/PrivateFrameworks/ProtocolBuffer.framework/Versions/A/ProtocolBuffer
0x000000000f4d6000 	/System/Library/PrivateFrameworks/MobileKeyBag.framework/Versions/A/MobileKeyBag
0x000000000f4d6000 	/System/Library/PrivateFrameworks/CorePhoneNumbers.framework/Versions/A/CorePhoneNumbers
0x000000000f4d6000 	/System/Library/PrivateFrameworks/AppleIDAuthSupport.framework/Versions/A/AppleIDAuthSupport
0x000000000f4d6000 	/System/Library/PrivateFrameworks/KeychainCircle.framework/Versions/A/KeychainCircle
0x000000000f4d6000 	/System/Library/PrivateFrameworks/CoreWiFi.framework/Versions/A/CoreWiFi
0x000000000f4d6000 	/System/Library/Frameworks/CoreBluetooth.framework/Versions/A/CoreBluetooth
0x000000000f4d6000 	/System/Library/PrivateFrameworks/DebugSymbols.framework/Versions/A/DebugSymbols
0x000000000f4d6000 	/System/Library/PrivateFrameworks/CoreSymbolication.framework/Versions/A/CoreSymbolication
0x000000000f4d6000 	/System/Library/PrivateFrameworks/Symbolication.framework/Versions/A/Symbolication
0x000000000f4d6000 	/System/Library/PrivateFrameworks/AppleFSCompression.framework/Versions/A/AppleFSCompression
0x000000000f4d6000 	/System/Library/PrivateFrameworks/SpeechRecognitionCore.framework/Versions/A/SpeechRecognitionCore
0x000000000f4d6000 	/System/Library/CoreServices/Encodings/libSimplifiedChineseConverter.dylib
0x0000000102e00000 	/Library/Java/JavaVirtualMachines/jdk1.8.0_45.jdk/Contents/Home/jre/lib/server/libjvm.dylib
0x000000000f4d6000 	/usr/lib/libstdc++.6.0.9.dylib
0x0000000101dc6000 	/Library/Java/JavaVirtualMachines/jdk1.8.0_45.jdk/Contents/Home/jre/lib/libverify.dylib
0x0000000103d69000 	/Library/Java/JavaVirtualMachines/jdk1.8.0_45.jdk/Contents/Home/jre/lib/libjava.dylib
0x0000000101dde000 	/Library/Java/JavaVirtualMachines/jdk1.8.0_45.jdk/Contents/Home/jre/lib/libzip.dylib
0x000000000f4d6000 	/System/Library/Frameworks/JavaVM.framework/Versions/A/Frameworks/JavaRuntimeSupport.framework/Versions/A/JavaRuntimeSupport
0x000000000f4d6000 	/System/Library/Frameworks/JavaVM.framework/Versions/A/Frameworks/JavaNativeFoundation.framework/Versions/A/JavaNativeFoundation
0x000000000f4d6000 	/System/Library/Frameworks/JavaVM.framework/Versions/A/JavaVM
0x000000000f4d6000 	/System/Library/Frameworks/Carbon.framework/Versions/A/Carbon
0x000000000f4d6000 	/System/Library/PrivateFrameworks/JavaLaunching.framework/Versions/A/JavaLaunching
0x000000000f4d6000 	/System/Library/Frameworks/Carbon.framework/Versions/A/Frameworks/CommonPanels.framework/Versions/A/CommonPanels
0x000000000f4d6000 	/System/Library/Frameworks/Carbon.framework/Versions/A/Frameworks/Help.framework/Versions/A/Help
0x000000000f4d6000 	/System/Library/Frameworks/Carbon.framework/Versions/A/Frameworks/ImageCapture.framework/Versions/A/ImageCapture
0x000000000f4d6000 	/System/Library/Frameworks/Carbon.framework/Versions/A/Frameworks/OpenScripting.framework/Versions/A/OpenScripting
0x000000000f4d6000 	/System/Library/Frameworks/Carbon.framework/Versions/A/Frameworks/Print.framework/Versions/A/Print
0x000000000f4d6000 	/System/Library/Frameworks/Carbon.framework/Versions/A/Frameworks/SecurityHI.framework/Versions/A/SecurityHI
0x0000000101df2000 	/Users/shengshuqiang/ideal/HelloJSCore/AdvanceOnReactNative/do/build/libHelloJNI.dylib
0x0000000109855000 	/usr/local/lib/libv8.dylib
0x000000010acb1000 	/usr/local/lib/libv8_libplatform.dylib
0x000000010acd4000 	/usr/local/lib/libv8_libbase.dylib
0x000000010ad01000 	/usr/local/lib/libicui18n.dylib
0x000000010b0c6000 	/usr/local/lib/libicuuc.dylib

VM Arguments:
java_command: HelloJNI
java_class_path (initial): .
Launcher Type: SUN_STANDARD

Environment Variables:
JAVA_HOME=/Library/Java/JavaVirtualMachines/jdk1.8.0_45.jdk/Contents/Home
PATH=/Users/shengshuqiang/.gvm/vertx/current/bin:/Users/shengshuqiang/.gvm/springboot/current/bin:/Users/shengshuqiang/.gvm/lazybones/current/bin:/Users/shengshuqiang/.gvm/jbake/current/bin:/Users/shengshuqiang/.gvm/groovyserv/current/bin:/Users/shengshuqiang/.gvm/groovy/current/bin:/Users/shengshuqiang/.gvm/griffon/current/bin:/Users/shengshuqiang/.gvm/grails/current/bin:/Users/shengshuqiang/.gvm/gradle/current/bin:/Users/shengshuqiang/.gvm/glide/current/bin:/Users/shengshuqiang/.gvm/gaiden/current/bin:/Users/shengshuqiang/.gvm/crash/current/bin:/Users/shengshuqiang/.gvm/asciidoctorj/current/bin:/Users/shengshuqiang/.rbenv/shims:/Applications/CMake.app/Contents/bin:/Users/shengshuqiang/.rbenv/bin:/usr/local/bin:/usr/bin:/bin:/usr/sbin:/sbin:/usr/local/share/dotnet:/opt/X11/bin:/Library/Frameworks/Mono.framework/Versions/Current/Commands:/Applications/Xamarin Workbooks.app/Contents/SharedSupport/path-bin:/Users/shengshuqiang/android-sdk-macosx:/Users/shengshuqiang/android-sdk-macosx/platform-tools:/Users/shengshuqiang/android-sdk-macosx/tools:/Users/shengshuqiang/android-sdk-macosx/build-tools/21.1.1:/Users/shengshuqiang/android-ndk-r10e:/Users/shengshuqiang/android-ndk-r10e:/Users/shengshuqiang/maven/bin:/Users/shengshuqiang/bin:/sbin:/usr/bin:/usr/sbin:/Users/shengshuqiang/cmd:/Users/shengshuqiang/.rvm/bin:/Applications/010 Editor.app/Contents/CmdLine
SHELL=/bin/bash
DISPLAY=/private/tmp/com.apple.launchd.CdN41rvGXK/org.macosforge.xquartz:0

Signal Handlers:
SIGSEGV: [libjvm.dylib+0x58ef95], sa_mask[0]=11111111011111110111111111111111, sa_flags=SA_ONSTACK|SA_RESTART|SA_SIGINFO
SIGBUS: [libjvm.dylib+0x58ef95], sa_mask[0]=11111111011111110111111111111111, sa_flags=SA_RESTART|SA_SIGINFO
SIGFPE: [libjvm.dylib+0x46c108], sa_mask[0]=11111111011111110111111111111111, sa_flags=SA_RESTART|SA_SIGINFO
SIGPIPE: [libjvm.dylib+0x46c108], sa_mask[0]=11111111011111110111111111111111, sa_flags=SA_RESTART|SA_SIGINFO
SIGXFSZ: [libjvm.dylib+0x46c108], sa_mask[0]=11111111011111110111111111111111, sa_flags=SA_RESTART|SA_SIGINFO
SIGILL: [libjvm.dylib+0x46c108], sa_mask[0]=11111111011111110111111111111111, sa_flags=SA_RESTART|SA_SIGINFO
SIGUSR1: SIG_DFL, sa_mask[0]=11011111011111100000000111000110, sa_flags=none
SIGUSR2: [libjvm.dylib+0x46bc26], sa_mask[0]=00100000000000000000000000000000, sa_flags=SA_RESTART|SA_SIGINFO
SIGHUP: [libjvm.dylib+0x46a1f9], sa_mask[0]=11111111011111110111111111111111, sa_flags=SA_RESTART|SA_SIGINFO
SIGINT: [libjvm.dylib+0x46a1f9], sa_mask[0]=11111111011111110111111111111111, sa_flags=SA_RESTART|SA_SIGINFO
SIGTERM: [libjvm.dylib+0x46a1f9], sa_mask[0]=11111111011111110111111111111111, sa_flags=SA_RESTART|SA_SIGINFO
SIGQUIT: [libjvm.dylib+0x46a1f9], sa_mask[0]=11111111011111110111111111111111, sa_flags=SA_RESTART|SA_SIGINFO


---------------  S Y S T E M  ---------------

OS:Bsduname:Darwin 17.7.0 Darwin Kernel Version 17.7.0: Thu Jun 21 22:53:14 PDT 2018; root:xnu-4570.71.2~1/RELEASE_X86_64 x86_64
rlimit: STACK 8192k, CORE 0k, NPROC 1418, NOFILE 10240, AS infinity
load average:1.33 1.49 1.60

CPU:total 8 (4 cores per cpu, 2 threads per core) family 6 model 70 stepping 1, cmov, cx8, fxsr, mmx, sse, sse2, sse3, ssse3, sse4.1, sse4.2, popcnt, avx, avx2, aes, clmul, erms, lzcnt, ht, tsc, tscinvbit, bmi1, bmi2

Memory: 4k page, physical 16777216k(1602972k free)

/proc/meminfo:


vm_info: Java HotSpot(TM) 64-Bit Server VM (25.45-b02) for bsd-amd64 JRE (1.8.0_45-b14), built on Apr 10 2015 10:46:38 by "java_re" with gcc 4.2.1 (Based on Apple Inc. build 5658) (LLVM build 2336.11.00)

time: Sat Jan  5 19:08:13 2019
elapsed time: 0 seconds (0d 0h 0m 0s)

