#
# A fatal error has been detected by the Java Runtime Environment:
#
#  SIGSEGV (0xb) at pc=0x00007fff5ef14232, pid=3209, tid=9731
#
# JRE version: Java(TM) SE Runtime Environment (8.0_45-b14) (build 1.8.0_45-b14)
# Java VM: Java HotSpot(TM) 64-Bit Server VM (25.45-b02 mixed mode bsd-amd64 compressed oops)
# Problematic frame:
# C  [libsystem_c.dylib+0x1232]  strlen+0x12
#
# Failed to write core dump. Core dumps have been disabled. To enable core dumping, try "ulimit -c unlimited" before starting Java again
#
# If you would like to submit a bug report, please visit:
#   http://bugreport.java.com/bugreport/crash.jsp
# The crash happened outside the Java Virtual Machine in native code.
# See problematic frame for where to report the bug.
#

---------------  T H R E A D  ---------------

Current thread (0x00007fbabb802000):  JavaThread "main" [_thread_in_native, id=9731, stack(0x00007000094c9000,0x00007000095c9000)]

siginfo: si_signo: 11 (SIGSEGV), si_code: 1 (SEGV_MAPERR), si_addr: 0x0000000000000000

Registers:
RAX=0x0000000000000000, RBX=0x0000000122d10658, RCX=0x0000000000000000, RDX=0x0000000000000000
RSP=0x00007000095c8440, RBP=0x00007000095c8440, RSI=0x0000000000000000, RDI=0x0000000000000000
R8 =0x0000000000000000, R9 =0x0000000000008007, R10=0x0000000127d86570, R11=0x00007fff5ef14220
R12=0x0000000000000000, R13=0x0000000122d10658, R14=0x00000001272e5e2e, R15=0x00007000095c8490
RIP=0x00007fff5ef14232, EFLAGS=0x0000000000010246, ERR=0x0000000000000004
  TRAPNO=0x000000000000000e

Top of Stack: (sp=0x00007000095c8440)
0x00007000095c8440:   00007000095c8480 0000000127d8875f
0x00007000095c8450:   0000000000000000 0000000122d10658
0x00007000095c8460:   0000000000000000 0000000122d10658
0x00007000095c8470:   00007000095c88d0 00007fbabb802000
0x00007000095c8480:   00007000095c84a0 0000000126e057e9
0x00007000095c8490:   0000000000000000 0000000122d10658
0x00007000095c84a0:   00007000095c8800 0000000109f493c6
0x00007000095c84b0:   00007000095c86c8 0000000122d10658
0x00007000095c84c0:   00007000095c84e0 00000001090dc976
0x00007000095c84d0:   0000000122d10658 00007000095c87f8
0x00007000095c84e0:   00007000095c87c0 00000001090d903e
0x00007000095c84f0:   0000700009010120 00000001090e7ba3
0x00007000095c8500:   00007fbaba411870 00007000095c84f1
0x00007000095c8510:   0000000800000002 00000007c0002300
0x00007000095c8520:   00007000095c85d0 000000010924bbbb
0x00007000095c8530:   00000000bb802000 00007000095c8618
0x00007000095c8540:   00007000095c87d7 00000003092726cd
0x00007000095c8550:   000000010000000b 0000000109f492e0
0x00007000095c8560:   00000001096ab2e0 0000005000000000
0x00007000095c8570:   000000000000001a 00007fbabb001c00
0x00007000095c8580:   0000000000000006 00007fbabb001c00
0x00007000095c8590:   0000000000000006 000000015f06f16a
0x00007000095c85a0:   0000000000000000 0000000107db9600
0x00007000095c85b0:   0000000107dab380 0000000107daa000
0x00007000095c85c0:   0000000000000006 0000000000000000
0x00007000095c85d0:   00007000095c86a0 00007fff5f06d859
0x00007000095c85e0:   00007fbabb802000 0000000122d10658
0x00007000095c85f0:   fd00000070001006 00007fbaba60ffff
0x00007000095c8600:   00007000095c87d7 0000000122d10658
0x00007000095c8610:   00007fbabb802000 0000000122d10658
0x00007000095c8620:   00007fbabb800006 0000000107db5a00
0x00007000095c8630:   00007000095c8728 0000000000000006 

Instructions: (pc=0x00007fff5ef14232)
0x00007fff5ef14212:   0e 01 f3 0f 7f 44 0f 01 5d c3 90 90 90 90 55 48
0x00007fff5ef14222:   89 e5 48 89 f9 48 89 fa 48 83 e7 f0 66 0f ef c0
0x00007fff5ef14232:   66 0f 74 07 66 0f d7 f0 48 83 e1 0f 48 83 c8 ff
0x00007fff5ef14242:   48 d3 e0 21 c6 74 17 0f bc c6 48 29 d7 48 01 f8 

Register to memory mapping:

RAX=0x0000000000000000 is an unknown value
RBX={method} {0x0000000122d10658} 'load' '(Ljava/lang/String;)V' in 'HelloJNI'
RCX=0x0000000000000000 is an unknown value
RDX=0x0000000000000000 is an unknown value
RSP=0x00007000095c8440 is pointing into the stack for thread: 0x00007fbabb802000
RBP=0x00007000095c8440 is pointing into the stack for thread: 0x00007fbabb802000
RSI=0x0000000000000000 is an unknown value
RDI=0x0000000000000000 is an unknown value
R8 =0x0000000000000000 is an unknown value
R9 =0x0000000000008007 is an unknown value
R10=0x0000000127d86570: <offset 0x570> in /usr/local/lib/libv8_libbase.dylib at 0x0000000127d86000
R11=0x00007fff5ef14220: strlen+0 in /usr/lib/system/libsystem_c.dylib at 0x00007fff5ef13000
R12=0x0000000000000000 is an unknown value
R13={method} {0x0000000122d10658} 'load' '(Ljava/lang/String;)V' in 'HelloJNI'
R14=0x00000001272e5e2e: _ZZN2v88internal20DoubleToRadixCStringEdiE5chars+0x208de in /usr/local/lib/libv8.dylib at 0x0000000126907000
R15=0x00007000095c8490 is pointing into the stack for thread: 0x00007fbabb802000


Stack: [0x00007000094c9000,0x00007000095c9000],  sp=0x00007000095c8440,  free space=1021k
Native frames: (J=compiled Java code, j=interpreted, Vv=VM code, C=native code)
C  [libsystem_c.dylib+0x1232]  strlen+0x12
C  [libv8_libbase.dylib+0x275f]  v8::base::RelativePath(char**, char const*, char const*)+0x1f
C  [libv8.dylib+0x4fe7e9]  v8::internal::InitializeICUDefaultLocation(char const*, char const*)+0x29
C  [libHelloJNI.dylib+0x23c6]  Init+0x36
C  [libHelloJNI.dylib+0x2311]  Java_HelloJNI_load+0x31
j  HelloJNI.load(Ljava/lang/String;)V+0
j  HelloJNI.main([Ljava/lang/String;)V+35
v  ~StubRoutines::call_stub
V  [libjvm.dylib+0x2e032a]  JavaCalls::call_helper(JavaValue*, methodHandle*, JavaCallArguments*, Thread*)+0x6ae
V  [libjvm.dylib+0x316a36]  jni_invoke_static(JNIEnv_*, JavaValue*, _jobject*, JNICallType, _jmethodID*, JNI_ArgumentPusher*, Thread*)+0x1bf
V  [libjvm.dylib+0x30f7b0]  jni_CallStaticVoidMethod+0x15d
C  [java+0x39ae]  JavaMain+0x9b1
C  [libsystem_pthread.dylib+0x3661]  _pthread_body+0x154
C  [libsystem_pthread.dylib+0x350d]  _pthread_body+0x0
C  [libsystem_pthread.dylib+0x2bf9]  thread_start+0xd
C  0x0000000000000000

Java frames: (J=compiled Java code, j=interpreted, Vv=VM code)
j  HelloJNI.load(Ljava/lang/String;)V+0
j  HelloJNI.main([Ljava/lang/String;)V+35
v  ~StubRoutines::call_stub

---------------  P R O C E S S  ---------------

Java Threads: ( => current thread )
  0x00007fbabc82b000 JavaThread "Service Thread" daemon [_thread_blocked, id=17667, stack(0x000070000a5fc000,0x000070000a6fc000)]
  0x00007fbabc828800 JavaThread "C1 CompilerThread3" daemon [_thread_blocked, id=16387, stack(0x000070000a4f9000,0x000070000a5f9000)]
  0x00007fbabc827800 JavaThread "C2 CompilerThread2" daemon [_thread_blocked, id=16131, stack(0x000070000a3f6000,0x000070000a4f6000)]
  0x00007fbabc827000 JavaThread "C2 CompilerThread1" daemon [_thread_blocked, id=18179, stack(0x000070000a2f3000,0x000070000a3f3000)]
  0x00007fbabb835000 JavaThread "C2 CompilerThread0" daemon [_thread_blocked, id=18435, stack(0x000070000a1f0000,0x000070000a2f0000)]
  0x00007fbabb81a000 JavaThread "Signal Dispatcher" daemon [_thread_blocked, id=15111, stack(0x000070000a0ed000,0x000070000a1ed000)]
  0x00007fbabc848800 JavaThread "Finalizer" daemon [_thread_blocked, id=20227, stack(0x0000700009fea000,0x000070000a0ea000)]
  0x00007fbabc847800 JavaThread "Reference Handler" daemon [_thread_blocked, id=20739, stack(0x0000700009ee7000,0x0000700009fe7000)]
=>0x00007fbabb802000 JavaThread "main" [_thread_in_native, id=9731, stack(0x00007000094c9000,0x00007000095c9000)]

Other Threads:
  0x00007fbaba81d000 VMThread [stack: 0x0000700009de4000,0x0000700009ee4000] [id=13059]
  0x00007fbabc826000 WatcherThread [stack: 0x000070000a6ff000,0x000070000a7ff000] [id=16899]

VM state:not at safepoint (normal execution)

VM Mutex/Monitor currently owned by a thread: None

Heap:
 PSYoungGen      total 76288K, used 3932K [0x000000076ab00000, 0x0000000770000000, 0x00000007c0000000)
  eden space 65536K, 6% used [0x000000076ab00000,0x000000076aed7178,0x000000076eb00000)
  from space 10752K, 0% used [0x000000076f580000,0x000000076f580000,0x0000000770000000)
  to   space 10752K, 0% used [0x000000076eb00000,0x000000076eb00000,0x000000076f580000)
 ParOldGen       total 175104K, used 0K [0x00000006c0000000, 0x00000006cab00000, 0x000000076ab00000)
  object space 175104K, 0% used [0x00000006c0000000,0x00000006c0000000,0x00000006cab00000)
 Metaspace       used 2743K, capacity 4486K, committed 4864K, reserved 1056768K
  class space    used 299K, capacity 386K, committed 512K, reserved 1048576K

Card table byte_map: [0x00000001193b9000,0x0000000119bba000] byte_map_base: 0x0000000115db9000

Marking Bits: (ParMarkBitMap*) 0x00000001096c27a0
 Begin Bits: [0x000000011a110000, 0x000000011e110000)
 End Bits:   [0x000000011e110000, 0x0000000122110000)

Polling page: 0x0000000107ddd000

CodeCache: size=245760Kb used=1128Kb max_used=1128Kb free=244631Kb
 bounds [0x0000000109ff9000, 0x000000010a269000, 0x0000000118ff9000]
 total_blobs=271 nmethods=31 adapters=154
 compilation: enabled

Compilation events (10 events):
Event: 0.085 Thread 0x00007fbabc828800   27       3       java.util.HashMap::newNode (13 bytes)
Event: 0.085 Thread 0x00007fbabc828800 nmethod 27 0x000000010a111e90 code [0x000000010a112000, 0x000000010a1122b0]
Event: 0.085 Thread 0x00007fbabc828800   28       1       java.lang.ThreadLocal::access$400 (5 bytes)
Event: 0.085 Thread 0x00007fbabc828800 nmethod 28 0x000000010a1123d0 code [0x000000010a112520, 0x000000010a112610]
Event: 0.086 Thread 0x00007fbabc828800   29       3       java.lang.System::getSecurityManager (4 bytes)
Event: 0.086 Thread 0x00007fbabc828800 nmethod 29 0x000000010a112690 code [0x000000010a1127e0, 0x000000010a112930]
Event: 0.088 Thread 0x00007fbabc828800   30       3       java.lang.String::lastIndexOf (52 bytes)
Event: 0.089 Thread 0x00007fbabc828800 nmethod 30 0x000000010a112990 code [0x000000010a112b20, 0x000000010a112ea8]
Event: 0.089 Thread 0x00007fbabc828800   31       3       java.lang.Character::isSurrogate (18 bytes)
Event: 0.089 Thread 0x00007fbabc828800 nmethod 31 0x000000010a113010 code [0x000000010a113180, 0x000000010a113350]

GC Heap History (0 events):
No events

Deoptimization events (0 events):
No events

Internal exceptions (5 events):
Event: 0.042 Thread 0x00007fbabb802000 Exception <a 'java/lang/NoSuchMethodError': Method sun.misc.Unsafe.defineClass(Ljava/lang/String;[BII)Ljava/lang/Class; name or signature does not match> (0x000000076ab12af8) thrown at [/Users/java_re/workspace/8-2-build-macosx-x86_64/jdk8u45/3457/hotspot
Event: 0.042 Thread 0x00007fbabb802000 Exception <a 'java/lang/NoSuchMethodError': Method sun.misc.Unsafe.prefetchRead(Ljava/lang/Object;J)V name or signature does not match> (0x000000076ab12d88) thrown at [/Users/java_re/workspace/8-2-build-macosx-x86_64/jdk8u45/3457/hotspot/src/share/vm/prim
Event: 0.071 Thread 0x00007fbabb802000 Exception <a 'java/util/zip/ZipException'> (0x000000076ab5e528) thrown at [/Users/java_re/workspace/8-2-build-macosx-x86_64/jdk8u45/3457/hotspot/src/share/vm/prims/jni.cpp, line 709]
Event: 0.071 Thread 0x00007fbabb802000 Exception <a 'java/security/PrivilegedActionException'> (0x000000076ab5e770) thrown at [/Users/java_re/workspace/8-2-build-macosx-x86_64/jdk8u45/3457/hotspot/src/share/vm/prims/jvm.cpp, line 1382]
Event: 0.071 Thread 0x00007fbabb802000 Exception <a 'java/security/PrivilegedActionException'> (0x000000076ab5e928) thrown at [/Users/java_re/workspace/8-2-build-macosx-x86_64/jdk8u45/3457/hotspot/src/share/vm/prims/jvm.cpp, line 1382]

Events (10 events):
Event: 0.084 loading class java/security/BasicPermissionCollection
Event: 0.084 loading class java/security/BasicPermissionCollection done
Event: 0.085 loading class sun/launcher/LauncherHelper$FXHelper
Event: 0.085 loading class sun/launcher/LauncherHelper$FXHelper done
Event: 0.085 loading class java/lang/Class$MethodArray
Event: 0.085 loading class java/lang/Class$MethodArray done
Event: 0.085 loading class java/lang/Void
Event: 0.085 loading class java/lang/Void done
Event: 0.085 loading class java/lang/ClassLoaderHelper
Event: 0.085 loading class java/lang/ClassLoaderHelper done


Dynamic libraries:
0x000000000f4d6000 	/System/Library/Frameworks/Cocoa.framework/Versions/A/Cocoa
0x000000000f4d6000 	/System/Library/Frameworks/Security.framework/Versions/A/Security
0x000000000f4d6000 	/System/Library/Frameworks/ApplicationServices.framework/Versions/A/ApplicationServices
0x000000000f4d6000 	/usr/lib/libz.1.dylib
0x000000000f4d6000 	/usr/lib/libSystem.B.dylib
0x000000000f4d6000 	/usr/lib/libobjc.A.dylib
0x000000000f4d6000 	/System/Library/Frameworks/CoreFoundation.framework/Versions/A/CoreFoundation
0x000000000f4d6000 	/System/Library/Frameworks/Foundation.framework/Versions/C/Foundation
0x000000000f4d6000 	/System/Library/Frameworks/AppKit.framework/Versions/C/AppKit
0x000000000f4d6000 	/System/Library/Frameworks/CoreData.framework/Versions/A/CoreData
0x000000000f4d6000 	/System/Library/PrivateFrameworks/RemoteViewServices.framework/Versions/A/RemoteViewServices
0x000000000f4d6000 	/System/Library/PrivateFrameworks/UIFoundation.framework/Versions/A/UIFoundation
0x000000000f4d6000 	/System/Library/PrivateFrameworks/DFRFoundation.framework/Versions/A/DFRFoundation
0x000000000f4d6000 	/System/Library/Frameworks/Metal.framework/Versions/A/Metal
0x000000000f4d6000 	/System/Library/PrivateFrameworks/DesktopServicesPriv.framework/Versions/A/DesktopServicesPriv
0x000000000f4d6000 	/usr/lib/libenergytrace.dylib
0x000000000f4d6000 	/System/Library/PrivateFrameworks/SkyLight.framework/Versions/A/SkyLight
0x000000000f4d6000 	/System/Library/Frameworks/CoreGraphics.framework/Versions/A/CoreGraphics
0x000000000f4d6000 	/usr/lib/libScreenReader.dylib
0x000000000f4d6000 	/System/Library/Frameworks/Accelerate.framework/Versions/A/Accelerate
0x000000000f4d6000 	/System/Library/Frameworks/IOSurface.framework/Versions/A/IOSurface
0x000000000f4d6000 	/System/Library/Frameworks/AudioToolbox.framework/Versions/A/AudioToolbox
0x000000000f4d6000 	/System/Library/Frameworks/AudioUnit.framework/Versions/A/AudioUnit
0x000000000f4d6000 	/System/Library/PrivateFrameworks/DataDetectorsCore.framework/Versions/A/DataDetectorsCore
0x000000000f4d6000 	/System/Library/Frameworks/Carbon.framework/Versions/A/Frameworks/HIToolbox.framework/Versions/A/HIToolbox
0x000000000f4d6000 	/usr/lib/libicucore.A.dylib
0x000000000f4d6000 	/System/Library/Frameworks/QuartzCore.framework/Versions/A/QuartzCore
0x000000000f4d6000 	/System/Library/PrivateFrameworks/SignpostNotification.framework/Versions/A/SignpostNotification
0x000000000f4d6000 	/System/Library/Frameworks/Carbon.framework/Versions/A/Frameworks/SpeechRecognition.framework/Versions/A/SpeechRecognition
0x000000000f4d6000 	/usr/lib/libauto.dylib
0x000000000f4d6000 	/usr/lib/libxml2.2.dylib
0x000000000f4d6000 	/System/Library/PrivateFrameworks/CoreUI.framework/Versions/A/CoreUI
0x000000000f4d6000 	/System/Library/Frameworks/CoreAudio.framework/Versions/A/CoreAudio
0x000000000f4d6000 	/System/Library/Frameworks/DiskArbitration.framework/Versions/A/DiskArbitration
0x000000000f4d6000 	/usr/lib/liblangid.dylib
0x000000000f4d6000 	/System/Library/PrivateFrameworks/MultitouchSupport.framework/Versions/A/MultitouchSupport
0x000000000f4d6000 	/System/Library/Frameworks/IOKit.framework/Versions/A/IOKit
0x000000000f4d6000 	/usr/lib/libDiagnosticMessagesClient.dylib
0x000000000f4d6000 	/System/Library/Frameworks/CoreServices.framework/Versions/A/CoreServices
0x000000000f4d6000 	/System/Library/PrivateFrameworks/PerformanceAnalysis.framework/Versions/A/PerformanceAnalysis
0x000000000f4d6000 	/System/Library/Frameworks/OpenGL.framework/Versions/A/OpenGL
0x000000000f4d6000 	/System/Library/Frameworks/ColorSync.framework/Versions/A/ColorSync
0x000000000f4d6000 	/System/Library/Frameworks/CoreImage.framework/Versions/A/CoreImage
0x000000000f4d6000 	/System/Library/Frameworks/CoreText.framework/Versions/A/CoreText
0x000000000f4d6000 	/System/Library/Frameworks/ImageIO.framework/Versions/A/ImageIO
0x000000000f4d6000 	/System/Library/PrivateFrameworks/Backup.framework/Versions/A/Backup
0x000000000f4d6000 	/usr/lib/libarchive.2.dylib
0x000000000f4d6000 	/System/Library/Frameworks/CFNetwork.framework/Versions/A/CFNetwork
0x000000000f4d6000 	/System/Library/Frameworks/SystemConfiguration.framework/Versions/A/SystemConfiguration
0x000000000f4d6000 	/usr/lib/libCRFSuite.dylib
0x000000000f4d6000 	/usr/lib/libc++.1.dylib
0x000000000f4d6000 	/usr/lib/libc++abi.dylib
0x000000000f4d6000 	/usr/lib/system/libcache.dylib
0x000000000f4d6000 	/usr/lib/system/libcommonCrypto.dylib
0x000000000f4d6000 	/usr/lib/system/libcompiler_rt.dylib
0x000000000f4d6000 	/usr/lib/system/libcopyfile.dylib
0x000000000f4d6000 	/usr/lib/system/libcorecrypto.dylib
0x000000000f4d6000 	/usr/lib/system/libdispatch.dylib
0x000000000f4d6000 	/usr/lib/system/libdyld.dylib
0x000000000f4d6000 	/usr/lib/system/libkeymgr.dylib
0x000000000f4d6000 	/usr/lib/system/liblaunch.dylib
0x000000000f4d6000 	/usr/lib/system/libmacho.dylib
0x000000000f4d6000 	/usr/lib/system/libquarantine.dylib
0x000000000f4d6000 	/usr/lib/system/libremovefile.dylib
0x000000000f4d6000 	/usr/lib/system/libsystem_asl.dylib
0x000000000f4d6000 	/usr/lib/system/libsystem_blocks.dylib
0x000000000f4d6000 	/usr/lib/system/libsystem_c.dylib
0x000000000f4d6000 	/usr/lib/system/libsystem_configuration.dylib
0x000000000f4d6000 	/usr/lib/system/libsystem_coreservices.dylib
0x000000000f4d6000 	/usr/lib/system/libsystem_darwin.dylib
0x000000000f4d6000 	/usr/lib/system/libsystem_dnssd.dylib
0x000000000f4d6000 	/usr/lib/system/libsystem_info.dylib
0x000000000f4d6000 	/usr/lib/system/libsystem_m.dylib
0x000000000f4d6000 	/usr/lib/system/libsystem_malloc.dylib
0x000000000f4d6000 	/usr/lib/system/libsystem_network.dylib
0x000000000f4d6000 	/usr/lib/system/libsystem_networkextension.dylib
0x000000000f4d6000 	/usr/lib/system/libsystem_notify.dylib
0x000000000f4d6000 	/usr/lib/system/libsystem_sandbox.dylib
0x000000000f4d6000 	/usr/lib/system/libsystem_secinit.dylib
0x000000000f4d6000 	/usr/lib/system/libsystem_kernel.dylib
0x000000000f4d6000 	/usr/lib/system/libsystem_platform.dylib
0x000000000f4d6000 	/usr/lib/system/libsystem_pthread.dylib
0x000000000f4d6000 	/usr/lib/system/libsystem_symptoms.dylib
0x000000000f4d6000 	/usr/lib/system/libsystem_trace.dylib
0x000000000f4d6000 	/usr/lib/system/libunwind.dylib
0x000000000f4d6000 	/usr/lib/system/libxpc.dylib
0x000000000f4d6000 	/usr/lib/closure/libclosured.dylib
0x000000000f4d6000 	/usr/lib/libbsm.0.dylib
0x000000000f4d6000 	/usr/lib/system/libkxld.dylib
0x000000000f4d6000 	/usr/lib/libOpenScriptingUtil.dylib
0x000000000f4d6000 	/usr/lib/libcoretls.dylib
0x000000000f4d6000 	/usr/lib/libcoretls_cfhelpers.dylib
0x000000000f4d6000 	/usr/lib/libpam.2.dylib
0x000000000f4d6000 	/usr/lib/libsqlite3.dylib
0x000000000f4d6000 	/usr/lib/libxar.1.dylib
0x000000000f4d6000 	/usr/lib/libbz2.1.0.dylib
0x000000000f4d6000 	/usr/lib/liblzma.5.dylib
0x000000000f4d6000 	/usr/lib/libnetwork.dylib
0x000000000f4d6000 	/usr/lib/libapple_nghttp2.dylib
0x000000000f4d6000 	/usr/lib/libpcap.A.dylib
0x000000000f4d6000 	/usr/lib/libboringssl.dylib
0x000000000f4d6000 	/usr/lib/libusrtcp.dylib
0x000000000f4d6000 	/usr/lib/libapple_crypto.dylib
0x000000000f4d6000 	/System/Library/Frameworks/CoreServices.framework/Versions/A/Frameworks/FSEvents.framework/Versions/A/FSEvents
0x000000000f4d6000 	/System/Library/Frameworks/CoreServices.framework/Versions/A/Frameworks/CarbonCore.framework/Versions/A/CarbonCore
0x000000000f4d6000 	/System/Library/Frameworks/CoreServices.framework/Versions/A/Frameworks/Metadata.framework/Versions/A/Metadata
0x000000000f4d6000 	/System/Library/Frameworks/CoreServices.framework/Versions/A/Frameworks/OSServices.framework/Versions/A/OSServices
0x000000000f4d6000 	/System/Library/Frameworks/CoreServices.framework/Versions/A/Frameworks/SearchKit.framework/Versions/A/SearchKit
0x000000000f4d6000 	/System/Library/Frameworks/CoreServices.framework/Versions/A/Frameworks/AE.framework/Versions/A/AE
0x000000000f4d6000 	/System/Library/Frameworks/CoreServices.framework/Versions/A/Frameworks/LaunchServices.framework/Versions/A/LaunchServices
0x000000000f4d6000 	/System/Library/Frameworks/CoreServices.framework/Versions/A/Frameworks/DictionaryServices.framework/Versions/A/DictionaryServices
0x000000000f4d6000 	/System/Library/Frameworks/CoreServices.framework/Versions/A/Frameworks/SharedFileList.framework/Versions/A/SharedFileList
0x000000000f4d6000 	/System/Library/Frameworks/NetFS.framework/Versions/A/NetFS
0x000000000f4d6000 	/System/Library/PrivateFrameworks/NetAuth.framework/Versions/A/NetAuth
0x000000000f4d6000 	/System/Library/PrivateFrameworks/login.framework/Versions/A/Frameworks/loginsupport.framework/Versions/A/loginsupport
0x000000000f4d6000 	/System/Library/PrivateFrameworks/TCC.framework/Versions/A/TCC
0x000000000f4d6000 	/usr/lib/libmecabra.dylib
0x000000000f4d6000 	/System/Library/Frameworks/ApplicationServices.framework/Versions/A/Frameworks/ATS.framework/Versions/A/ATS
0x000000000f4d6000 	/System/Library/Frameworks/ApplicationServices.framework/Versions/A/Frameworks/ColorSyncLegacy.framework/Versions/A/ColorSyncLegacy
0x000000000f4d6000 	/System/Library/Frameworks/ApplicationServices.framework/Versions/A/Frameworks/HIServices.framework/Versions/A/HIServices
0x000000000f4d6000 	/System/Library/Frameworks/ApplicationServices.framework/Versions/A/Frameworks/LangAnalysis.framework/Versions/A/LangAnalysis
0x000000000f4d6000 	/System/Library/Frameworks/ApplicationServices.framework/Versions/A/Frameworks/PrintCore.framework/Versions/A/PrintCore
0x000000000f4d6000 	/System/Library/Frameworks/ApplicationServices.framework/Versions/A/Frameworks/QD.framework/Versions/A/QD
0x000000000f4d6000 	/System/Library/Frameworks/ApplicationServices.framework/Versions/A/Frameworks/SpeechSynthesis.framework/Versions/A/SpeechSynthesis
0x000000000f4d6000 	/System/Library/Frameworks/CoreDisplay.framework/Versions/A/CoreDisplay
0x000000000f4d6000 	/System/Library/Frameworks/Accelerate.framework/Versions/A/Frameworks/vImage.framework/Versions/A/vImage
0x000000000f4d6000 	/System/Library/Frameworks/Accelerate.framework/Versions/A/Frameworks/vecLib.framework/Versions/A/vecLib
0x000000000f4d6000 	/System/Library/Frameworks/Accelerate.framework/Versions/A/Frameworks/vecLib.framework/Versions/A/libvDSP.dylib
0x000000000f4d6000 	/System/Library/Frameworks/Accelerate.framework/Versions/A/Frameworks/vecLib.framework/Versions/A/libBNNS.dylib
0x000000000f4d6000 	/System/Library/Frameworks/Accelerate.framework/Versions/A/Frameworks/vecLib.framework/Versions/A/libQuadrature.dylib
0x000000000f4d6000 	/System/Library/Frameworks/Accelerate.framework/Versions/A/Frameworks/vecLib.framework/Versions/A/libvMisc.dylib
0x000000000f4d6000 	/System/Library/Frameworks/Accelerate.framework/Versions/A/Frameworks/vecLib.framework/Versions/A/libLAPACK.dylib
0x000000000f4d6000 	/System/Library/Frameworks/Accelerate.framework/Versions/A/Frameworks/vecLib.framework/Versions/A/libBLAS.dylib
0x000000000f4d6000 	/System/Library/Frameworks/Accelerate.framework/Versions/A/Frameworks/vecLib.framework/Versions/A/libLinearAlgebra.dylib
0x000000000f4d6000 	/System/Library/Frameworks/Accelerate.framework/Versions/A/Frameworks/vecLib.framework/Versions/A/libSparse.dylib
0x000000000f4d6000 	/System/Library/Frameworks/Accelerate.framework/Versions/A/Frameworks/vecLib.framework/Versions/A/libSparseBLAS.dylib
0x000000000f4d6000 	/System/Library/PrivateFrameworks/GPUWrangler.framework/Versions/A/GPUWrangler
0x000000000f4d6000 	/System/Library/PrivateFrameworks/IOAccelerator.framework/Versions/A/IOAccelerator
0x000000000f4d6000 	/System/Library/PrivateFrameworks/IOPresentment.framework/Versions/A/IOPresentment
0x000000000f4d6000 	/System/Library/PrivateFrameworks/DSExternalDisplay.framework/Versions/A/DSExternalDisplay
0x000000000f4d6000 	/System/Library/Frameworks/OpenGL.framework/Versions/A/Libraries/libCoreFSCache.dylib
0x000000000f4d6000 	/System/Library/Frameworks/CoreVideo.framework/Versions/A/CoreVideo
0x000000000f4d6000 	/System/Library/PrivateFrameworks/GraphVisualizer.framework/Versions/A/GraphVisualizer
0x000000000f4d6000 	/System/Library/Frameworks/MetalPerformanceShaders.framework/Versions/A/MetalPerformanceShaders
0x000000000f4d6000 	/usr/lib/libFosl_dynamic.dylib
0x000000000f4d6000 	/System/Library/PrivateFrameworks/FaceCore.framework/Versions/A/FaceCore
0x000000000f4d6000 	/System/Library/Frameworks/OpenCL.framework/Versions/A/OpenCL
0x000000000f4d6000 	/usr/lib/libcompression.dylib
0x000000000f4d6000 	/System/Library/Frameworks/ApplicationServices.framework/Versions/A/Frameworks/ATS.framework/Versions/A/Resources/libFontParser.dylib
0x000000000f4d6000 	/System/Library/Frameworks/ApplicationServices.framework/Versions/A/Frameworks/ATS.framework/Versions/A/Resources/libFontRegistry.dylib
0x000000000f4d6000 	/System/Library/Frameworks/ImageIO.framework/Versions/A/Resources/libJPEG.dylib
0x000000000f4d6000 	/System/Library/Frameworks/ImageIO.framework/Versions/A/Resources/libTIFF.dylib
0x000000000f4d6000 	/System/Library/Frameworks/ImageIO.framework/Versions/A/Resources/libPng.dylib
0x000000000f4d6000 	/System/Library/Frameworks/ImageIO.framework/Versions/A/Resources/libGIF.dylib
0x000000000f4d6000 	/System/Library/Frameworks/ImageIO.framework/Versions/A/Resources/libJP2.dylib
0x000000000f4d6000 	/System/Library/Frameworks/ImageIO.framework/Versions/A/Resources/libRadiance.dylib
0x000000000f4d6000 	/System/Library/PrivateFrameworks/AppleJPEG.framework/Versions/A/AppleJPEG
0x000000000f4d6000 	/System/Library/Frameworks/MetalPerformanceShaders.framework/Frameworks/MPSCore.framework/Versions/A/MPSCore
0x000000000f4d6000 	/System/Library/Frameworks/MetalPerformanceShaders.framework/Frameworks/MPSImage.framework/Versions/A/MPSImage
0x000000000f4d6000 	/System/Library/Frameworks/MetalPerformanceShaders.framework/Frameworks/MPSNeuralNetwork.framework/Versions/A/MPSNeuralNetwork
0x000000000f4d6000 	/System/Library/Frameworks/MetalPerformanceShaders.framework/Frameworks/MPSMatrix.framework/Versions/A/MPSMatrix
0x000000000f4d6000 	/System/Library/PrivateFrameworks/MetalTools.framework/Versions/A/MetalTools
0x000000000f4d6000 	/System/Library/Frameworks/OpenGL.framework/Versions/A/Libraries/libGLU.dylib
0x000000000f4d6000 	/System/Library/Frameworks/OpenGL.framework/Versions/A/Libraries/libGFXShared.dylib
0x000000000f4d6000 	/System/Library/Frameworks/OpenGL.framework/Versions/A/Libraries/libGL.dylib
0x000000000f4d6000 	/System/Library/Frameworks/OpenGL.framework/Versions/A/Libraries/libGLImage.dylib
0x000000000f4d6000 	/System/Library/Frameworks/OpenGL.framework/Versions/A/Libraries/libCVMSPluginSupport.dylib
0x000000000f4d6000 	/System/Library/Frameworks/OpenGL.framework/Versions/A/Libraries/libCoreVMClient.dylib
0x000000000f4d6000 	/usr/lib/libcups.2.dylib
0x000000000f4d6000 	/System/Library/Frameworks/Kerberos.framework/Versions/A/Kerberos
0x000000000f4d6000 	/System/Library/Frameworks/GSS.framework/Versions/A/GSS
0x000000000f4d6000 	/usr/lib/libresolv.9.dylib
0x000000000f4d6000 	/usr/lib/libiconv.2.dylib
0x000000000f4d6000 	/System/Library/PrivateFrameworks/Heimdal.framework/Versions/A/Heimdal
0x000000000f4d6000 	/usr/lib/libheimdal-asn1.dylib
0x000000000f4d6000 	/System/Library/Frameworks/OpenDirectory.framework/Versions/A/OpenDirectory
0x000000000f4d6000 	/System/Library/PrivateFrameworks/CommonAuth.framework/Versions/A/CommonAuth
0x000000000f4d6000 	/System/Library/Frameworks/OpenDirectory.framework/Versions/A/Frameworks/CFOpenDirectory.framework/Versions/A/CFOpenDirectory
0x000000000f4d6000 	/System/Library/Frameworks/SecurityFoundation.framework/Versions/A/SecurityFoundation
0x000000000f4d6000 	/System/Library/PrivateFrameworks/APFS.framework/Versions/A/APFS
0x000000000f4d6000 	/usr/lib/libutil.dylib
0x000000000f4d6000 	/System/Library/PrivateFrameworks/AppleSauce.framework/Versions/A/AppleSauce
0x000000000f4d6000 	/System/Library/PrivateFrameworks/LinguisticData.framework/Versions/A/LinguisticData
0x000000000f4d6000 	/usr/lib/libmarisa.dylib
0x000000000f4d6000 	/System/Library/PrivateFrameworks/Lexicon.framework/Versions/A/Lexicon
0x000000000f4d6000 	/usr/lib/libChineseTokenizer.dylib
0x000000000f4d6000 	/usr/lib/libcmph.dylib
0x000000000f4d6000 	/System/Library/PrivateFrameworks/LanguageModeling.framework/Versions/A/LanguageModeling
0x000000000f4d6000 	/System/Library/PrivateFrameworks/CoreEmoji.framework/Versions/A/CoreEmoji
0x000000000f4d6000 	/System/Library/Frameworks/ServiceManagement.framework/Versions/A/ServiceManagement
0x000000000f4d6000 	/System/Library/PrivateFrameworks/BackgroundTaskManagement.framework/Versions/A/BackgroundTaskManagement
0x000000000f4d6000 	/usr/lib/libxslt.1.dylib
0x000000000f4d6000 	/System/Library/Frameworks/Carbon.framework/Versions/A/Frameworks/Ink.framework/Versions/A/Ink
0x000000000f4d6000 	/System/Library/PrivateFrameworks/TextureIO.framework/Versions/A/TextureIO
0x000000000f4d6000 	/usr/lib/libate.dylib
0x000000000f4d6000 	/System/Library/PrivateFrameworks/CrashReporterSupport.framework/Versions/A/CrashReporterSupport
0x000000000f4d6000 	/System/Library/PrivateFrameworks/Sharing.framework/Versions/A/Sharing
0x000000000f4d6000 	/System/Library/PrivateFrameworks/IconServices.framework/Versions/A/IconServices
0x000000000f4d6000 	/System/Library/PrivateFrameworks/AuthKit.framework/Versions/A/AuthKit
0x000000000f4d6000 	/System/Library/PrivateFrameworks/Apple80211.framework/Versions/A/Apple80211
0x000000000f4d6000 	/System/Library/PrivateFrameworks/CoreUtils.framework/Versions/A/CoreUtils
0x000000000f4d6000 	/System/Library/Frameworks/CoreWLAN.framework/Versions/A/CoreWLAN
0x000000000f4d6000 	/System/Library/Frameworks/IOBluetooth.framework/Versions/A/IOBluetooth
0x000000000f4d6000 	/System/Library/PrivateFrameworks/ProtocolBuffer.framework/Versions/A/ProtocolBuffer
0x000000000f4d6000 	/System/Library/PrivateFrameworks/MobileKeyBag.framework/Versions/A/MobileKeyBag
0x000000000f4d6000 	/System/Library/PrivateFrameworks/CorePhoneNumbers.framework/Versions/A/CorePhoneNumbers
0x000000000f4d6000 	/System/Library/PrivateFrameworks/AppleIDAuthSupport.framework/Versions/A/AppleIDAuthSupport
0x000000000f4d6000 	/System/Library/PrivateFrameworks/KeychainCircle.framework/Versions/A/KeychainCircle
0x000000000f4d6000 	/System/Library/PrivateFrameworks/CoreWiFi.framework/Versions/A/CoreWiFi
0x000000000f4d6000 	/System/Library/Frameworks/CoreBluetooth.framework/Versions/A/CoreBluetooth
0x000000000f4d6000 	/System/Library/PrivateFrameworks/DebugSymbols.framework/Versions/A/DebugSymbols
0x000000000f4d6000 	/System/Library/PrivateFrameworks/CoreSymbolication.framework/Versions/A/CoreSymbolication
0x000000000f4d6000 	/System/Library/PrivateFrameworks/Symbolication.framework/Versions/A/Symbolication
0x000000000f4d6000 	/System/Library/PrivateFrameworks/AppleFSCompression.framework/Versions/A/AppleFSCompression
0x000000000f4d6000 	/System/Library/PrivateFrameworks/SpeechRecognitionCore.framework/Versions/A/SpeechRecognitionCore
0x000000000f4d6000 	/System/Library/CoreServices/Encodings/libSimplifiedChineseConverter.dylib
0x0000000108e00000 	/Library/Java/JavaVirtualMachines/jdk1.8.0_45.jdk/Contents/Home/jre/lib/server/libjvm.dylib
0x000000000f4d6000 	/usr/lib/libstdc++.6.0.9.dylib
0x0000000107dcf000 	/Library/Java/JavaVirtualMachines/jdk1.8.0_45.jdk/Contents/Home/jre/lib/libverify.dylib
0x0000000109d69000 	/Library/Java/JavaVirtualMachines/jdk1.8.0_45.jdk/Contents/Home/jre/lib/libjava.dylib
0x0000000107de7000 	/Library/Java/JavaVirtualMachines/jdk1.8.0_45.jdk/Contents/Home/jre/lib/libzip.dylib
0x000000000f4d6000 	/System/Library/Frameworks/JavaVM.framework/Versions/A/Frameworks/JavaRuntimeSupport.framework/Versions/A/JavaRuntimeSupport
0x000000000f4d6000 	/System/Library/Frameworks/JavaVM.framework/Versions/A/Frameworks/JavaNativeFoundation.framework/Versions/A/JavaNativeFoundation
0x000000000f4d6000 	/System/Library/Frameworks/JavaVM.framework/Versions/A/JavaVM
0x000000000f4d6000 	/System/Library/Frameworks/Carbon.framework/Versions/A/Carbon
0x000000000f4d6000 	/System/Library/PrivateFrameworks/JavaLaunching.framework/Versions/A/JavaLaunching
0x000000000f4d6000 	/System/Library/Frameworks/Carbon.framework/Versions/A/Frameworks/CommonPanels.framework/Versions/A/CommonPanels
0x000000000f4d6000 	/System/Library/Frameworks/Carbon.framework/Versions/A/Frameworks/Help.framework/Versions/A/Help
0x000000000f4d6000 	/System/Library/Frameworks/Carbon.framework/Versions/A/Frameworks/ImageCapture.framework/Versions/A/ImageCapture
0x000000000f4d6000 	/System/Library/Frameworks/Carbon.framework/Versions/A/Frameworks/OpenScripting.framework/Versions/A/OpenScripting
0x000000000f4d6000 	/System/Library/Frameworks/Carbon.framework/Versions/A/Frameworks/Print.framework/Versions/A/Print
0x000000000f4d6000 	/System/Library/Frameworks/Carbon.framework/Versions/A/Frameworks/SecurityHI.framework/Versions/A/SecurityHI
0x0000000109f47000 	/Users/shengshuqiang/ideal/HelloJSCore/AdvanceOnReactNative/do/build/libHelloJNI.dylib
0x0000000126907000 	/usr/local/lib/libv8.dylib
0x0000000127d63000 	/usr/local/lib/libv8_libplatform.dylib
0x0000000127d86000 	/usr/local/lib/libv8_libbase.dylib
0x0000000127db3000 	/usr/local/lib/libicui18n.dylib
0x0000000128178000 	/usr/local/lib/libicuuc.dylib

VM Arguments:
java_command: HelloJNI
java_class_path (initial): .
Launcher Type: SUN_STANDARD

Environment Variables:
JAVA_HOME=/Library/Java/JavaVirtualMachines/jdk1.8.0_45.jdk/Contents/Home
PATH=/Users/shengshuqiang/.gvm/vertx/current/bin:/Users/shengshuqiang/.gvm/springboot/current/bin:/Users/shengshuqiang/.gvm/lazybones/current/bin:/Users/shengshuqiang/.gvm/jbake/current/bin:/Users/shengshuqiang/.gvm/groovyserv/current/bin:/Users/shengshuqiang/.gvm/groovy/current/bin:/Users/shengshuqiang/.gvm/griffon/current/bin:/Users/shengshuqiang/.gvm/grails/current/bin:/Users/shengshuqiang/.gvm/gradle/current/bin:/Users/shengshuqiang/.gvm/glide/current/bin:/Users/shengshuqiang/.gvm/gaiden/current/bin:/Users/shengshuqiang/.gvm/crash/current/bin:/Users/shengshuqiang/.gvm/asciidoctorj/current/bin:/Users/shengshuqiang/.rbenv/shims:/Applications/CMake.app/Contents/bin:/Users/shengshuqiang/.rbenv/bin:/usr/local/bin:/usr/bin:/bin:/usr/sbin:/sbin:/usr/local/share/dotnet:/opt/X11/bin:/Library/Frameworks/Mono.framework/Versions/Current/Commands:/Applications/Xamarin Workbooks.app/Contents/SharedSupport/path-bin:/Users/shengshuqiang/android-sdk-macosx:/Users/shengshuqiang/android-sdk-macosx/platform-tools:/Users/shengshuqiang/android-sdk-macosx/tools:/Users/shengshuqiang/android-sdk-macosx/build-tools/21.1.1:/Users/shengshuqiang/android-ndk-r10e:/Users/shengshuqiang/android-ndk-r10e:/Users/shengshuqiang/maven/bin:/Users/shengshuqiang/bin:/sbin:/usr/bin:/usr/sbin:/Users/shengshuqiang/cmd:/Users/shengshuqiang/.rvm/bin:/Applications/010 Editor.app/Contents/CmdLine
SHELL=/bin/bash
DISPLAY=/private/tmp/com.apple.launchd.CdN41rvGXK/org.macosforge.xquartz:0

Signal Handlers:
SIGSEGV: [libjvm.dylib+0x58ef95], sa_mask[0]=11111111011111110111111111111111, sa_flags=SA_ONSTACK|SA_RESTART|SA_SIGINFO
SIGBUS: [libjvm.dylib+0x58ef95], sa_mask[0]=11111111011111110111111111111111, sa_flags=SA_RESTART|SA_SIGINFO
SIGFPE: [libjvm.dylib+0x46c108], sa_mask[0]=11111111011111110111111111111111, sa_flags=SA_RESTART|SA_SIGINFO
SIGPIPE: [libjvm.dylib+0x46c108], sa_mask[0]=11111111011111110111111111111111, sa_flags=SA_RESTART|SA_SIGINFO
SIGXFSZ: [libjvm.dylib+0x46c108], sa_mask[0]=11111111011111110111111111111111, sa_flags=SA_RESTART|SA_SIGINFO
SIGILL: [libjvm.dylib+0x46c108], sa_mask[0]=11111111011111110111111111111111, sa_flags=SA_RESTART|SA_SIGINFO
SIGUSR1: SIG_DFL, sa_mask[0]=11011111011111100000000111000110, sa_flags=none
SIGUSR2: [libjvm.dylib+0x46bc26], sa_mask[0]=00100000000000000000000000000000, sa_flags=SA_RESTART|SA_SIGINFO
SIGHUP: [libjvm.dylib+0x46a1f9], sa_mask[0]=11111111011111110111111111111111, sa_flags=SA_RESTART|SA_SIGINFO
SIGINT: [libjvm.dylib+0x46a1f9], sa_mask[0]=11111111011111110111111111111111, sa_flags=SA_RESTART|SA_SIGINFO
SIGTERM: [libjvm.dylib+0x46a1f9], sa_mask[0]=11111111011111110111111111111111, sa_flags=SA_RESTART|SA_SIGINFO
SIGQUIT: [libjvm.dylib+0x46a1f9], sa_mask[0]=11111111011111110111111111111111, sa_flags=SA_RESTART|SA_SIGINFO


---------------  S Y S T E M  ---------------

OS:Bsduname:Darwin 17.7.0 Darwin Kernel Version 17.7.0: Thu Jun 21 22:53:14 PDT 2018; root:xnu-4570.71.2~1/RELEASE_X86_64 x86_64
rlimit: STACK 8192k, CORE 0k, NPROC 1418, NOFILE 10240, AS infinity
load average:1.62 1.77 1.80

CPU:total 8 (4 cores per cpu, 2 threads per core) family 6 model 70 stepping 1, cmov, cx8, fxsr, mmx, sse, sse2, sse3, ssse3, sse4.1, sse4.2, popcnt, avx, avx2, aes, clmul, erms, lzcnt, ht, tsc, tscinvbit, bmi1, bmi2

Memory: 4k page, physical 16777216k(1926444k free)

/proc/meminfo:


vm_info: Java HotSpot(TM) 64-Bit Server VM (25.45-b02) for bsd-amd64 JRE (1.8.0_45-b14), built on Apr 10 2015 10:46:38 by "java_re" with gcc 4.2.1 (Based on Apple Inc. build 5658) (LLVM build 2336.11.00)

time: Sat Jan  5 18:55:47 2019
elapsed time: 0 seconds (0d 0h 0m 0s)

