#
# A fatal error has been detected by the Java Runtime Environment:
#
#  SIGSEGV (0xb) at pc=0x000000012906f5b1, pid=3711, tid=6403
#
# JRE version: Java(TM) SE Runtime Environment (8.0_45-b14) (build 1.8.0_45-b14)
# Java VM: Java HotSpot(TM) 64-Bit Server VM (25.45-b02 mixed mode bsd-amd64 compressed oops)
# Problematic frame:
# C  [libv8.dylib+0x5485b1]  v8::internal::Isolate::FindOrAllocatePerThreadDataForThisThread()+0xe1
#
# Failed to write core dump. Core dumps have been disabled. To enable core dumping, try "ulimit -c unlimited" before starting Java again
#
# If you would like to submit a bug report, please visit:
#   http://bugreport.java.com/bugreport/crash.jsp
# The crash happened outside the Java Virtual Machine in native code.
# See problematic frame for where to report the bug.
#

---------------  T H R E A D  ---------------

Current thread (0x00007f7f09805800):  JavaThread "main" [_thread_in_native, id=6403, stack(0x0000700002f6f000,0x000070000306f000)]

siginfo: si_signo: 11 (SIGSEGV), si_code: 1 (SEGV_MAPERR), si_addr: 0x0000000000000000

Registers:
RAX=0x0000000000000000, RBX=0x000070000306e650, RCX=0x0000000000000000, RDX=0x0000000000000101
RSP=0x000070000306e650, RBP=0x000070000306e6b0, RSI=0x0000000000000000, RDI=0x00000001296c2c90
R8 =0x0000000000021762, R9 =0xffffffff00000000, R10=0x00000001296c2ca8, R11=0x00000001296c2cb0
R12=0x0000000000000000, R13=0x0000000125585648, R14=0x0000000000000000, R15=0x000070000306f000
RIP=0x000000012906f5b1, EFLAGS=0x0000000000010246, ERR=0x0000000000000004
  TRAPNO=0x000000000000000e

Top of Stack: (sp=0x000070000306e650)
0x000070000306e650:   00000001296ae7b0 0000000128f8e7d0
0x000070000306e660:   00000001296c2c90 0000000000000000
0x000070000306e670:   000070000306e650 0000000000000000
0x000070000306e680:   000000010b7fa190 3679b8ea99c70084
0x000070000306e690:   0000000000000000 0000000054485244
0x000070000306e6a0:   000070000306f000 00007f7f09805800
0x000070000306e6b0:   000070000306e6f0 000000012907b143
0x000070000306e6c0:   000000010b7fa190 0000000000000004
0x000070000306e6d0:   0000000125585648 0000000000000000
0x000070000306e6e0:   000070000306e8d0 00007f7f09805800
0x000070000306e6f0:   000070000306e710 000000010e0e2824
0x000070000306e700:   0000000000000000 000070000306e7b8
0x000070000306e710:   000070000306e730 000000010e0dfc2d
0x000070000306e720:   0000000000000000 000070000306e7b8
0x000070000306e730:   000070000306e840 000000010e0df98f
0x000070000306e740:   0000000000000000 00007f7f09805800
0x000070000306e750:   000070000306e7c0 000000010b44cb94
0x000070000306e760:   000070000306e918 00007f7f07c250f0
0x000070000306e770:   00007f7f09805800 0000000000000001
0x000070000306e780:   000070000306e7c0 0000000125585648
0x000070000306e790:   000070000306e7e0 0000000000000003
0x000070000306e7a0:   000070000306e7c0 000000010b1eb20e
0x000070000306e7b0:   0000000125585648 0000000000000000
0x000070000306e7c0:   00007f7f0800aa00 000070000306e8c8
0x000070000306e7d0:   000070000306e8d0 00007f7f098059f8
0x000070000306e7e0:   00007f7f09805800 0000000125585648
0x000070000306e7f0:   00007f7f09805800 0000000125585648
0x000070000306e800:   00007f7f09805800 0000000125585648
0x000070000306e810:   0000000125585648 0000000125585648
0x000070000306e820:   0000000125585648 000070000306e8d0
0x000070000306e830:   000070000306e8a8 000000010e19a7f2
0x000070000306e840:   000070000306e8a8 000000010e19a954 

Instructions: (pc=0x000000012906f5b1)
0x000000012906f591:   8b 07 ff 50 28 eb 06 48 8b 07 ff 50 20 48 8d 3d
0x000000012906f5a1:   eb 36 65 00 e8 40 71 42 00 4c 8b 25 1f 37 65 00
0x000000012906f5b1:   49 8b 1c 24 48 85 db 75 0f eb 22 0f 1f 40 00 48
0x000000012906f5c1:   8b 5b 20 48 85 db 74 15 44 89 7d a0 4c 39 33 75 

Register to memory mapping:

RAX=0x0000000000000000 is an unknown value
RBX=0x000070000306e650 is pointing into the stack for thread: 0x00007f7f09805800
RCX=0x0000000000000000 is an unknown value
RDX=0x0000000000000101 is an unknown value
RSP=0x000070000306e650 is pointing into the stack for thread: 0x00007f7f09805800
RBP=0x000070000306e6b0 is pointing into the stack for thread: 0x00007f7f09805800
RSI=0x0000000000000000 is an unknown value
RDI=0x00000001296c2c90: _ZN2v88internal7Isolate24thread_data_table_mutex_E+0x8 in /usr/local/lib/libv8.dylib at 0x0000000128b27000
R8 =0x0000000000021762 is an unknown value
R9 =0xffffffff00000000 is an unknown value
R10=0x00000001296c2ca8: _ZN2v88internal7Isolate24thread_data_table_mutex_E+0x20 in /usr/local/lib/libv8.dylib at 0x0000000128b27000
R11=0x00000001296c2cb0: _ZN2v88internal7Isolate24thread_data_table_mutex_E+0x28 in /usr/local/lib/libv8.dylib at 0x0000000128b27000
R12=0x0000000000000000 is an unknown value
R13={method} {0x0000000125585648} 'load' '(Ljava/lang/String;)V' in 'HelloJNI'
R14=0x0000000000000000 is an unknown value
R15=0x000070000306f000 is pointing into the stack for thread: 0x00007f7f09805800


Stack: [0x0000700002f6f000,0x000070000306f000],  sp=0x000070000306e650,  free space=1021k
Native frames: (J=compiled Java code, j=interpreted, Vv=VM code, C=native code)
C  [libv8.dylib+0x5485b1]  v8::internal::Isolate::FindOrAllocatePerThreadDataForThisThread()+0xe1
C  [libv8.dylib+0x554143]  v8::internal::Isolate::Enter()+0x43
C  [libHelloJNI.dylib+0x5824]  v8::Isolate::Scope::Scope(v8::Isolate*)+0x24
C  [libHelloJNI.dylib+0x2c2d]  v8::Isolate::Scope::Scope(v8::Isolate*)+0x1d
C  [libHelloJNI.dylib+0x298f]  Java_HelloJNI_load+0x3f
j  HelloJNI.load(Ljava/lang/String;)V+0
j  HelloJNI.main([Ljava/lang/String;)V+35
v  ~StubRoutines::call_stub
V  [libjvm.dylib+0x2e032a]  JavaCalls::call_helper(JavaValue*, methodHandle*, JavaCallArguments*, Thread*)+0x6ae
V  [libjvm.dylib+0x316a36]  jni_invoke_static(JNIEnv_*, JavaValue*, _jobject*, JNICallType, _jmethodID*, JNI_ArgumentPusher*, Thread*)+0x1bf
V  [libjvm.dylib+0x30f7b0]  jni_CallStaticVoidMethod+0x15d
C  [java+0x39ae]  JavaMain+0x9b1
C  [libsystem_pthread.dylib+0x3661]  _pthread_body+0x154
C  [libsystem_pthread.dylib+0x350d]  _pthread_body+0x0
C  [libsystem_pthread.dylib+0x2bf9]  thread_start+0xd
C  0x0000000000000000

Java frames: (J=compiled Java code, j=interpreted, Vv=VM code)
j  HelloJNI.load(Ljava/lang/String;)V+0
j  HelloJNI.main([Ljava/lang/String;)V+35
v  ~StubRoutines::call_stub

---------------  P R O C E S S  ---------------

Java Threads: ( => current thread )
  0x00007f7f08872800 JavaThread "Service Thread" daemon [_thread_blocked, id=15363, stack(0x00007000040a2000,0x00007000041a2000)]
  0x00007f7f09006000 JavaThread "C1 CompilerThread3" daemon [_thread_blocked, id=15619, stack(0x0000700003f9f000,0x000070000409f000)]
  0x00007f7f09005000 JavaThread "C2 CompilerThread2" daemon [_thread_blocked, id=16131, stack(0x0000700003e9c000,0x0000700003f9c000)]
  0x00007f7f0800a000 JavaThread "C2 CompilerThread1" daemon [_thread_blocked, id=16643, stack(0x0000700003d99000,0x0000700003e99000)]
  0x00007f7f09856800 JavaThread "C2 CompilerThread0" daemon [_thread_blocked, id=14339, stack(0x0000700003c96000,0x0000700003d96000)]
  0x00007f7f09855800 JavaThread "Signal Dispatcher" daemon [_thread_blocked, id=17163, stack(0x0000700003b93000,0x0000700003c93000)]
  0x00007f7f0801b800 JavaThread "Finalizer" daemon [_thread_blocked, id=12803, stack(0x0000700003a90000,0x0000700003b90000)]
  0x00007f7f0801a800 JavaThread "Reference Handler" daemon [_thread_blocked, id=19715, stack(0x000070000398d000,0x0000700003a8d000)]
=>0x00007f7f09805800 JavaThread "main" [_thread_in_native, id=6403, stack(0x0000700002f6f000,0x000070000306f000)]

Other Threads:
  0x00007f7f09004800 VMThread [stack: 0x000070000388a000,0x000070000398a000] [id=20227]
  0x00007f7f08873800 WatcherThread [stack: 0x00007000041a5000,0x00007000042a5000] [id=15107]

VM state:not at safepoint (normal execution)

VM Mutex/Monitor currently owned by a thread: None

Heap:
 PSYoungGen      total 76288K, used 3932K [0x000000076ab00000, 0x0000000770000000, 0x00000007c0000000)
  eden space 65536K, 6% used [0x000000076ab00000,0x000000076aed7178,0x000000076eb00000)
  from space 10752K, 0% used [0x000000076f580000,0x000000076f580000,0x0000000770000000)
  to   space 10752K, 0% used [0x000000076eb00000,0x000000076eb00000,0x000000076f580000)
 ParOldGen       total 175104K, used 0K [0x00000006c0000000, 0x00000006cab00000, 0x000000076ab00000)
  object space 175104K, 0% used [0x00000006c0000000,0x00000006c0000000,0x00000006cab00000)
 Metaspace       used 2743K, capacity 4486K, committed 4864K, reserved 1056768K
  class space    used 299K, capacity 386K, committed 512K, reserved 1048576K

Card table byte_map: [0x000000010c3bd000,0x000000010cbbe000] byte_map_base: 0x0000000108dbd000

Marking Bits: (ParMarkBitMap*) 0x000000010b8c27a0
 Begin Bits: [0x000000011d185000, 0x0000000121185000)
 End Bits:   [0x0000000121185000, 0x0000000125185000)

Polling page: 0x0000000109ffe000

CodeCache: size=245760Kb used=1133Kb max_used=1133Kb free=244626Kb
 bounds [0x000000010e185000, 0x000000010e3f5000, 0x000000011d185000]
 total_blobs=270 nmethods=30 adapters=154
 compilation: enabled

Compilation events (10 events):
Event: 0.079 Thread 0x00007f7f09006000   26       3       java.lang.String::getChars (62 bytes)
Event: 0.080 Thread 0x00007f7f09006000 nmethod 26 0x000000010e29ea50 code [0x000000010e29ec00, 0x000000010e29f038]
Event: 0.082 Thread 0x00007f7f09006000   27       3       java.lang.String::indexOf (7 bytes)
Event: 0.082 Thread 0x00007f7f09006000 nmethod 27 0x000000010e29f9d0 code [0x000000010e29fb40, 0x000000010e29fd48]
Event: 0.082 Thread 0x00007f7f09006000   28       3       java.util.HashMap::newNode (13 bytes)
Event: 0.082 Thread 0x00007f7f09006000 nmethod 28 0x000000010e29fdd0 code [0x000000010e29ff40, 0x000000010e2a01f0]
Event: 0.082 Thread 0x00007f7f09006000   29       1       java.lang.ThreadLocal::access$400 (5 bytes)
Event: 0.082 Thread 0x00007f7f09006000 nmethod 29 0x000000010e2a0310 code [0x000000010e2a0460, 0x000000010e2a0550]
Event: 0.083 Thread 0x00007f7f09006000   30       3       java.lang.System::getSecurityManager (4 bytes)
Event: 0.083 Thread 0x00007f7f09006000 nmethod 30 0x000000010e2a05d0 code [0x000000010e2a0720, 0x000000010e2a0870]

GC Heap History (0 events):
No events

Deoptimization events (0 events):
No events

Internal exceptions (5 events):
Event: 0.041 Thread 0x00007f7f09805800 Exception <a 'java/lang/NoSuchMethodError': Method sun.misc.Unsafe.defineClass(Ljava/lang/String;[BII)Ljava/lang/Class; name or signature does not match> (0x000000076ab12af8) thrown at [/Users/java_re/workspace/8-2-build-macosx-x86_64/jdk8u45/3457/hotspot
Event: 0.041 Thread 0x00007f7f09805800 Exception <a 'java/lang/NoSuchMethodError': Method sun.misc.Unsafe.prefetchRead(Ljava/lang/Object;J)V name or signature does not match> (0x000000076ab12d88) thrown at [/Users/java_re/workspace/8-2-build-macosx-x86_64/jdk8u45/3457/hotspot/src/share/vm/prim
Event: 0.067 Thread 0x00007f7f09805800 Exception <a 'java/util/zip/ZipException'> (0x000000076ab5e528) thrown at [/Users/java_re/workspace/8-2-build-macosx-x86_64/jdk8u45/3457/hotspot/src/share/vm/prims/jni.cpp, line 709]
Event: 0.068 Thread 0x00007f7f09805800 Exception <a 'java/security/PrivilegedActionException'> (0x000000076ab5e770) thrown at [/Users/java_re/workspace/8-2-build-macosx-x86_64/jdk8u45/3457/hotspot/src/share/vm/prims/jvm.cpp, line 1382]
Event: 0.068 Thread 0x00007f7f09805800 Exception <a 'java/security/PrivilegedActionException'> (0x000000076ab5e928) thrown at [/Users/java_re/workspace/8-2-build-macosx-x86_64/jdk8u45/3457/hotspot/src/share/vm/prims/jvm.cpp, line 1382]

Events (10 events):
Event: 0.081 loading class java/security/BasicPermissionCollection
Event: 0.081 loading class java/security/BasicPermissionCollection done
Event: 0.082 loading class sun/launcher/LauncherHelper$FXHelper
Event: 0.082 loading class sun/launcher/LauncherHelper$FXHelper done
Event: 0.082 loading class java/lang/Class$MethodArray
Event: 0.082 loading class java/lang/Class$MethodArray done
Event: 0.082 loading class java/lang/Void
Event: 0.082 loading class java/lang/Void done
Event: 0.082 loading class java/lang/ClassLoaderHelper
Event: 0.082 loading class java/lang/ClassLoaderHelper done


Dynamic libraries:
0x000000000f4d6000 	/System/Library/Frameworks/Cocoa.framework/Versions/A/Cocoa
0x000000000f4d6000 	/System/Library/Frameworks/Security.framework/Versions/A/Security
0x000000000f4d6000 	/System/Library/Frameworks/ApplicationServices.framework/Versions/A/ApplicationServices
0x000000000f4d6000 	/usr/lib/libz.1.dylib
0x000000000f4d6000 	/usr/lib/libSystem.B.dylib
0x000000000f4d6000 	/usr/lib/libobjc.A.dylib
0x000000000f4d6000 	/System/Library/Frameworks/CoreFoundation.framework/Versions/A/CoreFoundation
0x000000000f4d6000 	/System/Library/Frameworks/Foundation.framework/Versions/C/Foundation
0x000000000f4d6000 	/System/Library/Frameworks/AppKit.framework/Versions/C/AppKit
0x000000000f4d6000 	/System/Library/Frameworks/CoreData.framework/Versions/A/CoreData
0x000000000f4d6000 	/System/Library/PrivateFrameworks/RemoteViewServices.framework/Versions/A/RemoteViewServices
0x000000000f4d6000 	/System/Library/PrivateFrameworks/UIFoundation.framework/Versions/A/UIFoundation
0x000000000f4d6000 	/System/Library/PrivateFrameworks/DFRFoundation.framework/Versions/A/DFRFoundation
0x000000000f4d6000 	/System/Library/Frameworks/Metal.framework/Versions/A/Metal
0x000000000f4d6000 	/System/Library/PrivateFrameworks/DesktopServicesPriv.framework/Versions/A/DesktopServicesPriv
0x000000000f4d6000 	/usr/lib/libenergytrace.dylib
0x000000000f4d6000 	/System/Library/PrivateFrameworks/SkyLight.framework/Versions/A/SkyLight
0x000000000f4d6000 	/System/Library/Frameworks/CoreGraphics.framework/Versions/A/CoreGraphics
0x000000000f4d6000 	/usr/lib/libScreenReader.dylib
0x000000000f4d6000 	/System/Library/Frameworks/Accelerate.framework/Versions/A/Accelerate
0x000000000f4d6000 	/System/Library/Frameworks/IOSurface.framework/Versions/A/IOSurface
0x000000000f4d6000 	/System/Library/Frameworks/AudioToolbox.framework/Versions/A/AudioToolbox
0x000000000f4d6000 	/System/Library/Frameworks/AudioUnit.framework/Versions/A/AudioUnit
0x000000000f4d6000 	/System/Library/PrivateFrameworks/DataDetectorsCore.framework/Versions/A/DataDetectorsCore
0x000000000f4d6000 	/System/Library/Frameworks/Carbon.framework/Versions/A/Frameworks/HIToolbox.framework/Versions/A/HIToolbox
0x000000000f4d6000 	/usr/lib/libicucore.A.dylib
0x000000000f4d6000 	/System/Library/Frameworks/QuartzCore.framework/Versions/A/QuartzCore
0x000000000f4d6000 	/System/Library/PrivateFrameworks/SignpostNotification.framework/Versions/A/SignpostNotification
0x000000000f4d6000 	/System/Library/Frameworks/Carbon.framework/Versions/A/Frameworks/SpeechRecognition.framework/Versions/A/SpeechRecognition
0x000000000f4d6000 	/usr/lib/libauto.dylib
0x000000000f4d6000 	/usr/lib/libxml2.2.dylib
0x000000000f4d6000 	/System/Library/PrivateFrameworks/CoreUI.framework/Versions/A/CoreUI
0x000000000f4d6000 	/System/Library/Frameworks/CoreAudio.framework/Versions/A/CoreAudio
0x000000000f4d6000 	/System/Library/Frameworks/DiskArbitration.framework/Versions/A/DiskArbitration
0x000000000f4d6000 	/usr/lib/liblangid.dylib
0x000000000f4d6000 	/System/Library/PrivateFrameworks/MultitouchSupport.framework/Versions/A/MultitouchSupport
0x000000000f4d6000 	/System/Library/Frameworks/IOKit.framework/Versions/A/IOKit
0x000000000f4d6000 	/usr/lib/libDiagnosticMessagesClient.dylib
0x000000000f4d6000 	/System/Library/Frameworks/CoreServices.framework/Versions/A/CoreServices
0x000000000f4d6000 	/System/Library/PrivateFrameworks/PerformanceAnalysis.framework/Versions/A/PerformanceAnalysis
0x000000000f4d6000 	/System/Library/Frameworks/OpenGL.framework/Versions/A/OpenGL
0x000000000f4d6000 	/System/Library/Frameworks/ColorSync.framework/Versions/A/ColorSync
0x000000000f4d6000 	/System/Library/Frameworks/CoreImage.framework/Versions/A/CoreImage
0x000000000f4d6000 	/System/Library/Frameworks/CoreText.framework/Versions/A/CoreText
0x000000000f4d6000 	/System/Library/Frameworks/ImageIO.framework/Versions/A/ImageIO
0x000000000f4d6000 	/System/Library/PrivateFrameworks/Backup.framework/Versions/A/Backup
0x000000000f4d6000 	/usr/lib/libarchive.2.dylib
0x000000000f4d6000 	/System/Library/Frameworks/CFNetwork.framework/Versions/A/CFNetwork
0x000000000f4d6000 	/System/Library/Frameworks/SystemConfiguration.framework/Versions/A/SystemConfiguration
0x000000000f4d6000 	/usr/lib/libCRFSuite.dylib
0x000000000f4d6000 	/usr/lib/libc++.1.dylib
0x000000000f4d6000 	/usr/lib/libc++abi.dylib
0x000000000f4d6000 	/usr/lib/system/libcache.dylib
0x000000000f4d6000 	/usr/lib/system/libcommonCrypto.dylib
0x000000000f4d6000 	/usr/lib/system/libcompiler_rt.dylib
0x000000000f4d6000 	/usr/lib/system/libcopyfile.dylib
0x000000000f4d6000 	/usr/lib/system/libcorecrypto.dylib
0x000000000f4d6000 	/usr/lib/system/libdispatch.dylib
0x000000000f4d6000 	/usr/lib/system/libdyld.dylib
0x000000000f4d6000 	/usr/lib/system/libkeymgr.dylib
0x000000000f4d6000 	/usr/lib/system/liblaunch.dylib
0x000000000f4d6000 	/usr/lib/system/libmacho.dylib
0x000000000f4d6000 	/usr/lib/system/libquarantine.dylib
0x000000000f4d6000 	/usr/lib/system/libremovefile.dylib
0x000000000f4d6000 	/usr/lib/system/libsystem_asl.dylib
0x000000000f4d6000 	/usr/lib/system/libsystem_blocks.dylib
0x000000000f4d6000 	/usr/lib/system/libsystem_c.dylib
0x000000000f4d6000 	/usr/lib/system/libsystem_configuration.dylib
0x000000000f4d6000 	/usr/lib/system/libsystem_coreservices.dylib
0x000000000f4d6000 	/usr/lib/system/libsystem_darwin.dylib
0x000000000f4d6000 	/usr/lib/system/libsystem_dnssd.dylib
0x000000000f4d6000 	/usr/lib/system/libsystem_info.dylib
0x000000000f4d6000 	/usr/lib/system/libsystem_m.dylib
0x000000000f4d6000 	/usr/lib/system/libsystem_malloc.dylib
0x000000000f4d6000 	/usr/lib/system/libsystem_network.dylib
0x000000000f4d6000 	/usr/lib/system/libsystem_networkextension.dylib
0x000000000f4d6000 	/usr/lib/system/libsystem_notify.dylib
0x000000000f4d6000 	/usr/lib/system/libsystem_sandbox.dylib
0x000000000f4d6000 	/usr/lib/system/libsystem_secinit.dylib
0x000000000f4d6000 	/usr/lib/system/libsystem_kernel.dylib
0x000000000f4d6000 	/usr/lib/system/libsystem_platform.dylib
0x000000000f4d6000 	/usr/lib/system/libsystem_pthread.dylib
0x000000000f4d6000 	/usr/lib/system/libsystem_symptoms.dylib
0x000000000f4d6000 	/usr/lib/system/libsystem_trace.dylib
0x000000000f4d6000 	/usr/lib/system/libunwind.dylib
0x000000000f4d6000 	/usr/lib/system/libxpc.dylib
0x000000000f4d6000 	/usr/lib/closure/libclosured.dylib
0x000000000f4d6000 	/usr/lib/libbsm.0.dylib
0x000000000f4d6000 	/usr/lib/system/libkxld.dylib
0x000000000f4d6000 	/usr/lib/libOpenScriptingUtil.dylib
0x000000000f4d6000 	/usr/lib/libcoretls.dylib
0x000000000f4d6000 	/usr/lib/libcoretls_cfhelpers.dylib
0x000000000f4d6000 	/usr/lib/libpam.2.dylib
0x000000000f4d6000 	/usr/lib/libsqlite3.dylib
0x000000000f4d6000 	/usr/lib/libxar.1.dylib
0x000000000f4d6000 	/usr/lib/libbz2.1.0.dylib
0x000000000f4d6000 	/usr/lib/liblzma.5.dylib
0x000000000f4d6000 	/usr/lib/libnetwork.dylib
0x000000000f4d6000 	/usr/lib/libapple_nghttp2.dylib
0x000000000f4d6000 	/usr/lib/libpcap.A.dylib
0x000000000f4d6000 	/usr/lib/libboringssl.dylib
0x000000000f4d6000 	/usr/lib/libusrtcp.dylib
0x000000000f4d6000 	/usr/lib/libapple_crypto.dylib
0x000000000f4d6000 	/System/Library/Frameworks/CoreServices.framework/Versions/A/Frameworks/FSEvents.framework/Versions/A/FSEvents
0x000000000f4d6000 	/System/Library/Frameworks/CoreServices.framework/Versions/A/Frameworks/CarbonCore.framework/Versions/A/CarbonCore
0x000000000f4d6000 	/System/Library/Frameworks/CoreServices.framework/Versions/A/Frameworks/Metadata.framework/Versions/A/Metadata
0x000000000f4d6000 	/System/Library/Frameworks/CoreServices.framework/Versions/A/Frameworks/OSServices.framework/Versions/A/OSServices
0x000000000f4d6000 	/System/Library/Frameworks/CoreServices.framework/Versions/A/Frameworks/SearchKit.framework/Versions/A/SearchKit
0x000000000f4d6000 	/System/Library/Frameworks/CoreServices.framework/Versions/A/Frameworks/AE.framework/Versions/A/AE
0x000000000f4d6000 	/System/Library/Frameworks/CoreServices.framework/Versions/A/Frameworks/LaunchServices.framework/Versions/A/LaunchServices
0x000000000f4d6000 	/System/Library/Frameworks/CoreServices.framework/Versions/A/Frameworks/DictionaryServices.framework/Versions/A/DictionaryServices
0x000000000f4d6000 	/System/Library/Frameworks/CoreServices.framework/Versions/A/Frameworks/SharedFileList.framework/Versions/A/SharedFileList
0x000000000f4d6000 	/System/Library/Frameworks/NetFS.framework/Versions/A/NetFS
0x000000000f4d6000 	/System/Library/PrivateFrameworks/NetAuth.framework/Versions/A/NetAuth
0x000000000f4d6000 	/System/Library/PrivateFrameworks/login.framework/Versions/A/Frameworks/loginsupport.framework/Versions/A/loginsupport
0x000000000f4d6000 	/System/Library/PrivateFrameworks/TCC.framework/Versions/A/TCC
0x000000000f4d6000 	/usr/lib/libmecabra.dylib
0x000000000f4d6000 	/System/Library/Frameworks/ApplicationServices.framework/Versions/A/Frameworks/ATS.framework/Versions/A/ATS
0x000000000f4d6000 	/System/Library/Frameworks/ApplicationServices.framework/Versions/A/Frameworks/ColorSyncLegacy.framework/Versions/A/ColorSyncLegacy
0x000000000f4d6000 	/System/Library/Frameworks/ApplicationServices.framework/Versions/A/Frameworks/HIServices.framework/Versions/A/HIServices
0x000000000f4d6000 	/System/Library/Frameworks/ApplicationServices.framework/Versions/A/Frameworks/LangAnalysis.framework/Versions/A/LangAnalysis
0x000000000f4d6000 	/System/Library/Frameworks/ApplicationServices.framework/Versions/A/Frameworks/PrintCore.framework/Versions/A/PrintCore
0x000000000f4d6000 	/System/Library/Frameworks/ApplicationServices.framework/Versions/A/Frameworks/QD.framework/Versions/A/QD
0x000000000f4d6000 	/System/Library/Frameworks/ApplicationServices.framework/Versions/A/Frameworks/SpeechSynthesis.framework/Versions/A/SpeechSynthesis
0x000000000f4d6000 	/System/Library/Frameworks/CoreDisplay.framework/Versions/A/CoreDisplay
0x000000000f4d6000 	/System/Library/Frameworks/Accelerate.framework/Versions/A/Frameworks/vImage.framework/Versions/A/vImage
0x000000000f4d6000 	/System/Library/Frameworks/Accelerate.framework/Versions/A/Frameworks/vecLib.framework/Versions/A/vecLib
0x000000000f4d6000 	/System/Library/Frameworks/Accelerate.framework/Versions/A/Frameworks/vecLib.framework/Versions/A/libvDSP.dylib
0x000000000f4d6000 	/System/Library/Frameworks/Accelerate.framework/Versions/A/Frameworks/vecLib.framework/Versions/A/libBNNS.dylib
0x000000000f4d6000 	/System/Library/Frameworks/Accelerate.framework/Versions/A/Frameworks/vecLib.framework/Versions/A/libQuadrature.dylib
0x000000000f4d6000 	/System/Library/Frameworks/Accelerate.framework/Versions/A/Frameworks/vecLib.framework/Versions/A/libvMisc.dylib
0x000000000f4d6000 	/System/Library/Frameworks/Accelerate.framework/Versions/A/Frameworks/vecLib.framework/Versions/A/libLAPACK.dylib
0x000000000f4d6000 	/System/Library/Frameworks/Accelerate.framework/Versions/A/Frameworks/vecLib.framework/Versions/A/libBLAS.dylib
0x000000000f4d6000 	/System/Library/Frameworks/Accelerate.framework/Versions/A/Frameworks/vecLib.framework/Versions/A/libLinearAlgebra.dylib
0x000000000f4d6000 	/System/Library/Frameworks/Accelerate.framework/Versions/A/Frameworks/vecLib.framework/Versions/A/libSparse.dylib
0x000000000f4d6000 	/System/Library/Frameworks/Accelerate.framework/Versions/A/Frameworks/vecLib.framework/Versions/A/libSparseBLAS.dylib
0x000000000f4d6000 	/System/Library/PrivateFrameworks/GPUWrangler.framework/Versions/A/GPUWrangler
0x000000000f4d6000 	/System/Library/PrivateFrameworks/IOAccelerator.framework/Versions/A/IOAccelerator
0x000000000f4d6000 	/System/Library/PrivateFrameworks/IOPresentment.framework/Versions/A/IOPresentment
0x000000000f4d6000 	/System/Library/PrivateFrameworks/DSExternalDisplay.framework/Versions/A/DSExternalDisplay
0x000000000f4d6000 	/System/Library/Frameworks/OpenGL.framework/Versions/A/Libraries/libCoreFSCache.dylib
0x000000000f4d6000 	/System/Library/Frameworks/CoreVideo.framework/Versions/A/CoreVideo
0x000000000f4d6000 	/System/Library/PrivateFrameworks/GraphVisualizer.framework/Versions/A/GraphVisualizer
0x000000000f4d6000 	/System/Library/Frameworks/MetalPerformanceShaders.framework/Versions/A/MetalPerformanceShaders
0x000000000f4d6000 	/usr/lib/libFosl_dynamic.dylib
0x000000000f4d6000 	/System/Library/PrivateFrameworks/FaceCore.framework/Versions/A/FaceCore
0x000000000f4d6000 	/System/Library/Frameworks/OpenCL.framework/Versions/A/OpenCL
0x000000000f4d6000 	/usr/lib/libcompression.dylib
0x000000000f4d6000 	/System/Library/Frameworks/ApplicationServices.framework/Versions/A/Frameworks/ATS.framework/Versions/A/Resources/libFontParser.dylib
0x000000000f4d6000 	/System/Library/Frameworks/ApplicationServices.framework/Versions/A/Frameworks/ATS.framework/Versions/A/Resources/libFontRegistry.dylib
0x000000000f4d6000 	/System/Library/Frameworks/ImageIO.framework/Versions/A/Resources/libJPEG.dylib
0x000000000f4d6000 	/System/Library/Frameworks/ImageIO.framework/Versions/A/Resources/libTIFF.dylib
0x000000000f4d6000 	/System/Library/Frameworks/ImageIO.framework/Versions/A/Resources/libPng.dylib
0x000000000f4d6000 	/System/Library/Frameworks/ImageIO.framework/Versions/A/Resources/libGIF.dylib
0x000000000f4d6000 	/System/Library/Frameworks/ImageIO.framework/Versions/A/Resources/libJP2.dylib
0x000000000f4d6000 	/System/Library/Frameworks/ImageIO.framework/Versions/A/Resources/libRadiance.dylib
0x000000000f4d6000 	/System/Library/PrivateFrameworks/AppleJPEG.framework/Versions/A/AppleJPEG
0x000000000f4d6000 	/System/Library/Frameworks/MetalPerformanceShaders.framework/Frameworks/MPSCore.framework/Versions/A/MPSCore
0x000000000f4d6000 	/System/Library/Frameworks/MetalPerformanceShaders.framework/Frameworks/MPSImage.framework/Versions/A/MPSImage
0x000000000f4d6000 	/System/Library/Frameworks/MetalPerformanceShaders.framework/Frameworks/MPSNeuralNetwork.framework/Versions/A/MPSNeuralNetwork
0x000000000f4d6000 	/System/Library/Frameworks/MetalPerformanceShaders.framework/Frameworks/MPSMatrix.framework/Versions/A/MPSMatrix
0x000000000f4d6000 	/System/Library/PrivateFrameworks/MetalTools.framework/Versions/A/MetalTools
0x000000000f4d6000 	/System/Library/Frameworks/OpenGL.framework/Versions/A/Libraries/libGLU.dylib
0x000000000f4d6000 	/System/Library/Frameworks/OpenGL.framework/Versions/A/Libraries/libGFXShared.dylib
0x000000000f4d6000 	/System/Library/Frameworks/OpenGL.framework/Versions/A/Libraries/libGL.dylib
0x000000000f4d6000 	/System/Library/Frameworks/OpenGL.framework/Versions/A/Libraries/libGLImage.dylib
0x000000000f4d6000 	/System/Library/Frameworks/OpenGL.framework/Versions/A/Libraries/libCVMSPluginSupport.dylib
0x000000000f4d6000 	/System/Library/Frameworks/OpenGL.framework/Versions/A/Libraries/libCoreVMClient.dylib
0x000000000f4d6000 	/usr/lib/libcups.2.dylib
0x000000000f4d6000 	/System/Library/Frameworks/Kerberos.framework/Versions/A/Kerberos
0x000000000f4d6000 	/System/Library/Frameworks/GSS.framework/Versions/A/GSS
0x000000000f4d6000 	/usr/lib/libresolv.9.dylib
0x000000000f4d6000 	/usr/lib/libiconv.2.dylib
0x000000000f4d6000 	/System/Library/PrivateFrameworks/Heimdal.framework/Versions/A/Heimdal
0x000000000f4d6000 	/usr/lib/libheimdal-asn1.dylib
0x000000000f4d6000 	/System/Library/Frameworks/OpenDirectory.framework/Versions/A/OpenDirectory
0x000000000f4d6000 	/System/Library/PrivateFrameworks/CommonAuth.framework/Versions/A/CommonAuth
0x000000000f4d6000 	/System/Library/Frameworks/OpenDirectory.framework/Versions/A/Frameworks/CFOpenDirectory.framework/Versions/A/CFOpenDirectory
0x000000000f4d6000 	/System/Library/Frameworks/SecurityFoundation.framework/Versions/A/SecurityFoundation
0x000000000f4d6000 	/System/Library/PrivateFrameworks/APFS.framework/Versions/A/APFS
0x000000000f4d6000 	/usr/lib/libutil.dylib
0x000000000f4d6000 	/System/Library/PrivateFrameworks/AppleSauce.framework/Versions/A/AppleSauce
0x000000000f4d6000 	/System/Library/PrivateFrameworks/LinguisticData.framework/Versions/A/LinguisticData
0x000000000f4d6000 	/usr/lib/libmarisa.dylib
0x000000000f4d6000 	/System/Library/PrivateFrameworks/Lexicon.framework/Versions/A/Lexicon
0x000000000f4d6000 	/usr/lib/libChineseTokenizer.dylib
0x000000000f4d6000 	/usr/lib/libcmph.dylib
0x000000000f4d6000 	/System/Library/PrivateFrameworks/LanguageModeling.framework/Versions/A/LanguageModeling
0x000000000f4d6000 	/System/Library/PrivateFrameworks/CoreEmoji.framework/Versions/A/CoreEmoji
0x000000000f4d6000 	/System/Library/Frameworks/ServiceManagement.framework/Versions/A/ServiceManagement
0x000000000f4d6000 	/System/Library/PrivateFrameworks/BackgroundTaskManagement.framework/Versions/A/BackgroundTaskManagement
0x000000000f4d6000 	/usr/lib/libxslt.1.dylib
0x000000000f4d6000 	/System/Library/Frameworks/Carbon.framework/Versions/A/Frameworks/Ink.framework/Versions/A/Ink
0x000000000f4d6000 	/System/Library/PrivateFrameworks/TextureIO.framework/Versions/A/TextureIO
0x000000000f4d6000 	/usr/lib/libate.dylib
0x000000000f4d6000 	/System/Library/PrivateFrameworks/CrashReporterSupport.framework/Versions/A/CrashReporterSupport
0x000000000f4d6000 	/System/Library/PrivateFrameworks/Sharing.framework/Versions/A/Sharing
0x000000000f4d6000 	/System/Library/PrivateFrameworks/IconServices.framework/Versions/A/IconServices
0x000000000f4d6000 	/System/Library/PrivateFrameworks/AuthKit.framework/Versions/A/AuthKit
0x000000000f4d6000 	/System/Library/PrivateFrameworks/Apple80211.framework/Versions/A/Apple80211
0x000000000f4d6000 	/System/Library/PrivateFrameworks/CoreUtils.framework/Versions/A/CoreUtils
0x000000000f4d6000 	/System/Library/Frameworks/CoreWLAN.framework/Versions/A/CoreWLAN
0x000000000f4d6000 	/System/Library/Frameworks/IOBluetooth.framework/Versions/A/IOBluetooth
0x000000000f4d6000 	/System/Library/PrivateFrameworks/ProtocolBuffer.framework/Versions/A/ProtocolBuffer
0x000000000f4d6000 	/System/Library/PrivateFrameworks/MobileKeyBag.framework/Versions/A/MobileKeyBag
0x000000000f4d6000 	/System/Library/PrivateFrameworks/CorePhoneNumbers.framework/Versions/A/CorePhoneNumbers
0x000000000f4d6000 	/System/Library/PrivateFrameworks/AppleIDAuthSupport.framework/Versions/A/AppleIDAuthSupport
0x000000000f4d6000 	/System/Library/PrivateFrameworks/KeychainCircle.framework/Versions/A/KeychainCircle
0x000000000f4d6000 	/System/Library/PrivateFrameworks/CoreWiFi.framework/Versions/A/CoreWiFi
0x000000000f4d6000 	/System/Library/Frameworks/CoreBluetooth.framework/Versions/A/CoreBluetooth
0x000000000f4d6000 	/System/Library/PrivateFrameworks/DebugSymbols.framework/Versions/A/DebugSymbols
0x000000000f4d6000 	/System/Library/PrivateFrameworks/CoreSymbolication.framework/Versions/A/CoreSymbolication
0x000000000f4d6000 	/System/Library/PrivateFrameworks/Symbolication.framework/Versions/A/Symbolication
0x000000000f4d6000 	/System/Library/PrivateFrameworks/AppleFSCompression.framework/Versions/A/AppleFSCompression
0x000000000f4d6000 	/System/Library/PrivateFrameworks/SpeechRecognitionCore.framework/Versions/A/SpeechRecognitionCore
0x000000000f4d6000 	/System/Library/CoreServices/Encodings/libSimplifiedChineseConverter.dylib
0x000000010b000000 	/Library/Java/JavaVirtualMachines/jdk1.8.0_45.jdk/Contents/Home/jre/lib/server/libjvm.dylib
0x000000000f4d6000 	/usr/lib/libstdc++.6.0.9.dylib
0x000000010bf69000 	/Library/Java/JavaVirtualMachines/jdk1.8.0_45.jdk/Contents/Home/jre/lib/libverify.dylib
0x000000010bf77000 	/Library/Java/JavaVirtualMachines/jdk1.8.0_45.jdk/Contents/Home/jre/lib/libjava.dylib
0x000000010bff4000 	/Library/Java/JavaVirtualMachines/jdk1.8.0_45.jdk/Contents/Home/jre/lib/libzip.dylib
0x000000000f4d6000 	/System/Library/Frameworks/JavaVM.framework/Versions/A/Frameworks/JavaRuntimeSupport.framework/Versions/A/JavaRuntimeSupport
0x000000000f4d6000 	/System/Library/Frameworks/JavaVM.framework/Versions/A/Frameworks/JavaNativeFoundation.framework/Versions/A/JavaNativeFoundation
0x000000000f4d6000 	/System/Library/Frameworks/JavaVM.framework/Versions/A/JavaVM
0x000000000f4d6000 	/System/Library/Frameworks/Carbon.framework/Versions/A/Carbon
0x000000000f4d6000 	/System/Library/PrivateFrameworks/JavaLaunching.framework/Versions/A/JavaLaunching
0x000000000f4d6000 	/System/Library/Frameworks/Carbon.framework/Versions/A/Frameworks/CommonPanels.framework/Versions/A/CommonPanels
0x000000000f4d6000 	/System/Library/Frameworks/Carbon.framework/Versions/A/Frameworks/Help.framework/Versions/A/Help
0x000000000f4d6000 	/System/Library/Frameworks/Carbon.framework/Versions/A/Frameworks/ImageCapture.framework/Versions/A/ImageCapture
0x000000000f4d6000 	/System/Library/Frameworks/Carbon.framework/Versions/A/Frameworks/OpenScripting.framework/Versions/A/OpenScripting
0x000000000f4d6000 	/System/Library/Frameworks/Carbon.framework/Versions/A/Frameworks/Print.framework/Versions/A/Print
0x000000000f4d6000 	/System/Library/Frameworks/Carbon.framework/Versions/A/Frameworks/SecurityHI.framework/Versions/A/SecurityHI
0x000000010e0dd000 	/Users/shengshuqiang/ideal/HelloJSCore/AdvanceOnReactNative/do/build/libHelloJNI.dylib
0x0000000128b27000 	/usr/local/lib/libv8.dylib
0x0000000129f83000 	/usr/local/lib/libv8_libplatform.dylib
0x0000000129fa6000 	/usr/local/lib/libv8_libbase.dylib
0x0000000129fd3000 	/usr/local/lib/libicui18n.dylib
0x000000012a398000 	/usr/local/lib/libicuuc.dylib

VM Arguments:
java_command: HelloJNI
java_class_path (initial): .
Launcher Type: SUN_STANDARD

Environment Variables:
JAVA_HOME=/Library/Java/JavaVirtualMachines/jdk1.8.0_45.jdk/Contents/Home
PATH=/Users/shengshuqiang/.gvm/vertx/current/bin:/Users/shengshuqiang/.gvm/springboot/current/bin:/Users/shengshuqiang/.gvm/lazybones/current/bin:/Users/shengshuqiang/.gvm/jbake/current/bin:/Users/shengshuqiang/.gvm/groovyserv/current/bin:/Users/shengshuqiang/.gvm/groovy/current/bin:/Users/shengshuqiang/.gvm/griffon/current/bin:/Users/shengshuqiang/.gvm/grails/current/bin:/Users/shengshuqiang/.gvm/gradle/current/bin:/Users/shengshuqiang/.gvm/glide/current/bin:/Users/shengshuqiang/.gvm/gaiden/current/bin:/Users/shengshuqiang/.gvm/crash/current/bin:/Users/shengshuqiang/.gvm/asciidoctorj/current/bin:/Users/shengshuqiang/.rbenv/shims:/Applications/CMake.app/Contents/bin:/Users/shengshuqiang/.rbenv/bin:/usr/local/bin:/usr/bin:/bin:/usr/sbin:/sbin:/usr/local/share/dotnet:/opt/X11/bin:/Library/Frameworks/Mono.framework/Versions/Current/Commands:/Applications/Xamarin Workbooks.app/Contents/SharedSupport/path-bin:/Users/shengshuqiang/android-sdk-macosx:/Users/shengshuqiang/android-sdk-macosx/platform-tools:/Users/shengshuqiang/android-sdk-macosx/tools:/Users/shengshuqiang/android-sdk-macosx/build-tools/21.1.1:/Users/shengshuqiang/android-ndk-r10e:/Users/shengshuqiang/android-ndk-r10e:/Users/shengshuqiang/maven/bin:/Users/shengshuqiang/bin:/sbin:/usr/bin:/usr/sbin:/Users/shengshuqiang/cmd:/Users/shengshuqiang/.rvm/bin:/Applications/010 Editor.app/Contents/CmdLine
SHELL=/bin/bash
DISPLAY=/private/tmp/com.apple.launchd.CdN41rvGXK/org.macosforge.xquartz:0

Signal Handlers:
SIGSEGV: [libjvm.dylib+0x58ef95], sa_mask[0]=11111111011111110111111111111111, sa_flags=SA_ONSTACK|SA_RESTART|SA_SIGINFO
SIGBUS: [libjvm.dylib+0x58ef95], sa_mask[0]=11111111011111110111111111111111, sa_flags=SA_RESTART|SA_SIGINFO
SIGFPE: [libjvm.dylib+0x46c108], sa_mask[0]=11111111011111110111111111111111, sa_flags=SA_RESTART|SA_SIGINFO
SIGPIPE: [libjvm.dylib+0x46c108], sa_mask[0]=11111111011111110111111111111111, sa_flags=SA_RESTART|SA_SIGINFO
SIGXFSZ: [libjvm.dylib+0x46c108], sa_mask[0]=11111111011111110111111111111111, sa_flags=SA_RESTART|SA_SIGINFO
SIGILL: [libjvm.dylib+0x46c108], sa_mask[0]=11111111011111110111111111111111, sa_flags=SA_RESTART|SA_SIGINFO
SIGUSR1: SIG_DFL, sa_mask[0]=11011111011111100000000111000110, sa_flags=none
SIGUSR2: [libjvm.dylib+0x46bc26], sa_mask[0]=00100000000000000000000000000000, sa_flags=SA_RESTART|SA_SIGINFO
SIGHUP: [libjvm.dylib+0x46a1f9], sa_mask[0]=11111111011111110111111111111111, sa_flags=SA_RESTART|SA_SIGINFO
SIGINT: [libjvm.dylib+0x46a1f9], sa_mask[0]=11111111011111110111111111111111, sa_flags=SA_RESTART|SA_SIGINFO
SIGTERM: [libjvm.dylib+0x46a1f9], sa_mask[0]=11111111011111110111111111111111, sa_flags=SA_RESTART|SA_SIGINFO
SIGQUIT: [libjvm.dylib+0x46a1f9], sa_mask[0]=11111111011111110111111111111111, sa_flags=SA_RESTART|SA_SIGINFO


---------------  S Y S T E M  ---------------

OS:Bsduname:Darwin 17.7.0 Darwin Kernel Version 17.7.0: Thu Jun 21 22:53:14 PDT 2018; root:xnu-4570.71.2~1/RELEASE_X86_64 x86_64
rlimit: STACK 8192k, CORE 0k, NPROC 1418, NOFILE 10240, AS infinity
load average:1.54 1.60 1.59

CPU:total 8 (4 cores per cpu, 2 threads per core) family 6 model 70 stepping 1, cmov, cx8, fxsr, mmx, sse, sse2, sse3, ssse3, sse4.1, sse4.2, popcnt, avx, avx2, aes, clmul, erms, lzcnt, ht, tsc, tscinvbit, bmi1, bmi2

Memory: 4k page, physical 16777216k(1665844k free)

/proc/meminfo:


vm_info: Java HotSpot(TM) 64-Bit Server VM (25.45-b02) for bsd-amd64 JRE (1.8.0_45-b14), built on Apr 10 2015 10:46:38 by "java_re" with gcc 4.2.1 (Based on Apple Inc. build 5658) (LLVM build 2336.11.00)

time: Sat Jan  5 19:23:44 2019
elapsed time: 0 seconds (0d 0h 0m 0s)

